 ---------------------------------------------------------
                                                          
                      Using Pyscf:
                                                          
 ---------------------------------------------------------
                                                          


******** <class 'pyscf.scf.hf.RHF'> ********
method = RHF
initial guess = atom
damping factor = 0
level_shift factor = 0
DIIS = <class 'pyscf.scf.diis.CDIIS'>
diis_start_cycle = 1
diis_space = 8
diis_damp = 0
SCF conv_tol = 1e-09
SCF conv_tol_grad = None
SCF max_cycles = 1000
direct_scf = True
direct_scf_tol = 1e-13
chkfile to save SCF result = /localscratch/2959481/tmptrp6y4g5
max_memory 8000 MB (current use 252 MB)
Set gradient conv threshold to 3.16228e-05
Initial guess from superposition of atomic densities.
init E= -642.196299523289
  HOMO = -0.475203068501357  LUMO = 0.0180689037432924
cycle= 1 E= -641.197362295967  delta_E= 0.999  |g|= 1.09  |ddm|= 2.76
  HOMO = -0.120929078882708  LUMO = 0.355507223254006
cycle= 2 E= -641.337375293047  delta_E= -0.14  |g|= 0.685  |ddm|=  1.2
  HOMO = -0.230839831035366  LUMO = 0.36514783280836
cycle= 3 E= -641.424311747496  delta_E= -0.0869  |g|= 0.0627  |ddm|= 0.489
  HOMO = -0.230384932694066  LUMO = 0.369015394205923
cycle= 4 E= -641.425340803487  delta_E= -0.00103  |g|= 0.0248  |ddm|= 0.075
  HOMO = -0.23274123339268  LUMO = 0.371203502546416
cycle= 5 E= -641.42551073085  delta_E= -0.00017  |g|= 0.00592  |ddm|= 0.0279
  HOMO = -0.232090284110401  LUMO = 0.37076893837718
cycle= 6 E= -641.42552366208  delta_E= -1.29e-05  |g|= 0.00156  |ddm|= 0.00825
  HOMO = -0.232429930170721  LUMO = 0.37073425722501
cycle= 7 E= -641.425525226412  delta_E= -1.56e-06  |g|= 0.00045  |ddm|= 0.00345
  HOMO = -0.232395313758145  LUMO = 0.370762980524988
cycle= 8 E= -641.425525340724  delta_E= -1.14e-07  |g|= 0.000161  |ddm|= 0.000996
  HOMO = -0.232406519014889  LUMO = 0.370766485591676
cycle= 9 E= -641.425525350364  delta_E= -9.64e-09  |g|= 6.19e-05  |ddm|= 0.000255
  HOMO = -0.232411224586732  LUMO = 0.370761548068243
cycle= 10 E= -641.425525351692  delta_E= -1.33e-09  |g|= 1.53e-05  |ddm|= 8.44e-05
  HOMO = -0.232409295345732  LUMO = 0.370762647902672
cycle= 11 E= -641.425525351836  delta_E= -1.44e-10  |g|= 5.04e-06  |ddm|= 3.21e-05
  HOMO = -0.232409075419709  LUMO = 0.370762240134903
Extra cycle  E= -641.425525351849  delta_E= -1.31e-11  |g|= 2.97e-06  |ddm|= 7.8e-06
converged SCF energy = -641.425525351849

System and Method:
[('P', (-0.689325, -0.002205, 0.142461)), ('O', (-1.802889, 0.104183, -0.853371)), ('O', (0.126781, -1.437898, 0.055507)), ('O', (-0.792407, 0.516065, 1.548685)), ('H', (1.403858, 1.048537, 0.08169)), ('O', (0.850682, 0.692489, -0.634141)), ('H', (0.903301, -0.92117, -0.340831))]
Basis set                                      :    6-31g(d)
Number of Orbitals                             :        78
Number of electrons                            :        50
Number of alpha electrons                      :        25
Number of beta electrons                       :        25
Nuclear Repulsion                              :  261.133954772997 
Electronic SCF energy                          : -902.559480124847 
SCF Energy                                     : -641.425525351849274
 AO->MO
Manual HF energy =  -641.425525351848364
******** < Constructing Hamiltonian in active space > ********
Number of frozen orbitals =  9
 NElectrons:   16   16
 ecore: -732.30825164
Manual HF energy =  -641.425525351848250
One-body =  -322.6513519974
Two-body =   152.4001235088
 HF Energy:  -641.425525351848250
MO energies:
[-79.89619973 -20.39453891 -20.38843317 -20.31969686 -20.31572864
  -7.41844949  -5.31715189  -5.31607123  -5.31503867  -1.2149343
  -1.12731862  -1.1057395   -1.06440401  -0.5655053   -0.52711217
  -0.45528164  -0.41826301  -0.39506404  -0.38057415  -0.32414119
  -0.30887376  -0.28596578  -0.2703113   -0.24965492  -0.23240908
   0.37076224   0.43215814   0.47093012   0.51071351   0.53635345
   0.54843179   0.68113675   0.68908182   0.77087594   0.8234536
   1.07712325   1.09084106   1.1146209    1.23721623   1.26907262
   1.28825507   1.35818384   1.40153806   1.42076627   1.46664246
   1.488011     1.50683306   1.52813835   1.55358063   1.59912245
   1.6495198    1.66430153   1.7137685    1.72651663   1.94296698
   2.01847618   2.06669643   2.19258286   2.22243536   2.22398909
   2.2430309    2.2720068    2.28112237   2.32184396   2.32481704
   2.32935519   2.37741064   2.43608678   2.59134924   2.64129853
   2.72812362   2.76332825   2.85041646   2.94289646   2.97384333
   3.0919673    3.34454545   3.40241696]
E(MP2) = -642.285489832955  E_corr = -0.859964481105312
E(SCS-MP2) = -642.248136444877  E_corr = -0.822611093028063
Canonical MP2 Energy (a.u.):-642.2854898329545676

******** <class 'pyscf.cc.uccsd.UCCSD'> ********
CC2 = 0
CCSD nocc = (16, 16), nmo = (69, 69)
frozen orbitals 9
max_cycle = 50
direct = 0
conv_tol = 1e-07
conv_tol_normt = 1e-06
diis_space = 6
diis_start_cycle = 0
diis_start_energy_diff = 1e+09
max_memory 8000 MB (current use 6116 MB)
Init t2, MP2 energy = -0.842886177424521
Init E_corr(UCCSD) = -0.842886177427586
cycle = 1  E_corr(UCCSD) = -0.824807588382962  dE = 0.018078589  norm(t1,t2) = 0.123058
cycle = 2  E_corr(UCCSD) = -0.847952374303075  dE = -0.0231447859  norm(t1,t2) = 0.0362506
cycle = 3  E_corr(UCCSD) = -0.847365029334201  dE = 0.000587344969  norm(t1,t2) = 0.0209557
cycle = 4  E_corr(UCCSD) = -0.850575553831255  dE = -0.0032105245  norm(t1,t2) = 0.00779611
cycle = 5  E_corr(UCCSD) = -0.850657417048476  dE = -8.18632172e-05  norm(t1,t2) = 0.00151705
cycle = 6  E_corr(UCCSD) = -0.850530774655945  dE = 0.000126642393  norm(t1,t2) = 0.000613526
cycle = 7  E_corr(UCCSD) = -0.850516244810049  dE = 1.45298459e-05  norm(t1,t2) = 0.000148887
cycle = 8  E_corr(UCCSD) = -0.850521376114774  dE = -5.13130473e-06  norm(t1,t2) = 6.18507e-05
cycle = 9  E_corr(UCCSD) = -0.850522944376223  dE = -1.56826145e-06  norm(t1,t2) = 2.50108e-05
cycle = 10  E_corr(UCCSD) = -0.850522591285057  dE = 3.53091166e-07  norm(t1,t2) = 8.47048e-06
cycle = 11  E_corr(UCCSD) = -0.850522566888057  dE = 2.43969992e-08  norm(t1,t2) = 3.52361e-06
cycle = 12  E_corr(UCCSD) = -0.850522504087638  dE = 6.28004192e-08  norm(t1,t2) = 1.35149e-06
cycle = 13  E_corr(UCCSD) = -0.850522488685216  dE = 1.54024221e-08  norm(t1,t2) = 4.82095e-07
UCCSD converged
E(UCCSD) = -642.2760478405345  E_corr = -0.8505224886852162
Size of the active space:  22
 Rotate orbitals
One-body =  -322.6513519974
Two-body =   152.4001235088
 New HF Energy:  -641.425525351848250
Manual CCSD E_corr = -0.8505224886852145
