 ---------------------------------------------------------
                                                          
                      Using Pyscf:
                                                          
 ---------------------------------------------------------
                                                          


******** <class 'pyscf.scf.hf.RHF'> ********
method = RHF
initial guess = atom
damping factor = 0
level_shift factor = 0
DIIS = <class 'pyscf.scf.diis.CDIIS'>
diis_start_cycle = 1
diis_space = 8
diis_damp = 0
SCF conv_tol = 1e-09
SCF conv_tol_grad = None
SCF max_cycles = 1000
direct_scf = True
direct_scf_tol = 1e-13
chkfile to save SCF result = /localscratch/2959478/tmppd0_rz10
max_memory 8000 MB (current use 252 MB)
Set gradient conv threshold to 3.16228e-05
Initial guess from superposition of atomic densities.
init E= -642.080629212987
  HOMO = -0.478104017570049  LUMO = -0.0122622681185066
cycle= 1 E= -641.170712706392  delta_E= 0.91  |g|=  1.1  |ddm|= 2.76
  HOMO = -0.132484994128439  LUMO = 0.347503587511167
cycle= 2 E= -641.305119184264  delta_E= -0.134  |g|= 0.704  |ddm|= 1.21
  HOMO = -0.22992144042784  LUMO = 0.352329024821841
cycle= 3 E= -641.397491537036  delta_E= -0.0924  |g|= 0.057  |ddm|= 0.501
  HOMO = -0.232504140528567  LUMO = 0.352054816834997
cycle= 4 E= -641.398474547622  delta_E= -0.000983  |g|= 0.0221  |ddm|= 0.0719
  HOMO = -0.233554422991297  LUMO = 0.353217205875016
cycle= 5 E= -641.398618721336  delta_E= -0.000144  |g|= 0.00629  |ddm|= 0.0255
  HOMO = -0.233433024904804  LUMO = 0.353225795031434
cycle= 6 E= -641.398636258097  delta_E= -1.75e-05  |g|= 0.00205  |ddm|= 0.00886
  HOMO = -0.233807307351617  LUMO = 0.353079133115108
cycle= 7 E= -641.398639033628  delta_E= -2.78e-06  |g|= 0.000845  |ddm|= 0.00425
  HOMO = -0.233872682867116  LUMO = 0.353118882217459
cycle= 8 E= -641.398639356283  delta_E= -3.23e-07  |g|= 0.000308  |ddm|= 0.00138
  HOMO = -0.233858407485456  LUMO = 0.353138410310579
cycle= 9 E= -641.39863940537  delta_E= -4.91e-08  |g|= 7.76e-05  |ddm|= 0.00061
  HOMO = -0.233870257031481  LUMO = 0.353131178921939
cycle= 10 E= -641.398639409664  delta_E= -4.29e-09  |g|= 2.23e-05  |ddm|= 0.000188
  HOMO = -0.233867208764289  LUMO = 0.35313314535789
cycle= 11 E= -641.398639410054  delta_E= -3.9e-10  |g|= 8.63e-06  |ddm|= 5.38e-05
  HOMO = -0.233867018627161  LUMO = 0.353132807969612
Extra cycle  E= -641.398639410088  delta_E= -3.4e-11  |g|= 5.4e-06  |ddm|= 1.31e-05
converged SCF energy = -641.398639410088

System and Method:
[('P', (-0.863684, -0.19796, 0.230671)), ('O', (-1.861767, 0.10722, -0.839675)), ('O', (0.001914, -1.474475, 0.110209)), ('O', (-0.828012, 0.527836, 1.546644)), ('H', (1.455648, 0.990679, 0.074043)), ('O', (1.086894, 0.535065, -0.701601)), ('H', (1.009007, -0.488364, -0.420291))]
Basis set                                      :    6-31g(d)
Number of Orbitals                             :        78
Number of electrons                            :        50
Number of alpha electrons                      :        25
Number of beta electrons                       :        25
Nuclear Repulsion                              :  254.752143076383 
Electronic SCF energy                          : -896.150782486472 
SCF Energy                                     : -641.398639410088208
 AO->MO
Manual HF energy =  -641.398639410091164
******** < Constructing Hamiltonian in active space > ********
Number of frozen orbitals =  9
 NElectrons:   16   16
 ecore: -728.22979671
Manual HF energy =  -641.398639410090709
One-body =  -318.0376748674
Two-body =   150.1166890927
 HF Energy:  -641.398639410090709
MO energies:
[-79.88423237 -20.41397547 -20.34102466 -20.33827377 -20.33540977
  -7.4128172   -5.31257186  -5.3084048   -5.30833833  -1.20209188
  -1.14918739  -1.08107836  -1.07907893  -0.56307679  -0.51633846
  -0.4454428   -0.4039777   -0.39772088  -0.39308395  -0.30875667
  -0.3023751   -0.29560131  -0.26796645  -0.26250683  -0.23386702
   0.35313281   0.38475262   0.42280942   0.52200809   0.5396127
   0.56322422   0.6610804    0.72594549   0.81423372   0.84114755
   1.06337133   1.09115901   1.11815211   1.21606177   1.24355657
   1.27481309   1.30024015   1.374477     1.44030658   1.46814249
   1.47948282   1.49136902   1.52049711   1.54776325   1.57643978
   1.61645775   1.656613     1.71289132   1.72618263   1.93193593
   2.02133825   2.03328254   2.17151      2.23057319   2.25434208
   2.26423097   2.26947948   2.28767968   2.2994208    2.30502648
   2.31794888   2.36406285   2.38823555   2.54817446   2.58576412
   2.63101742   2.81363275   2.83259261   2.8527635    3.08693344
   3.23216461   3.36315657   3.38102995]
E(MP2) = -642.266669379443  E_corr = -0.86802996935501
E(SCS-MP2) = -642.228284902885  E_corr = -0.829645492796747
Canonical MP2 Energy (a.u.):-642.2666693794432149

******** <class 'pyscf.cc.uccsd.UCCSD'> ********
CC2 = 0
CCSD nocc = (16, 16), nmo = (69, 69)
frozen orbitals 9
max_cycle = 50
direct = 0
conv_tol = 1e-07
conv_tol_normt = 1e-06
diis_space = 6
diis_start_cycle = 0
diis_start_energy_diff = 1e+09
max_memory 8000 MB (current use 6116 MB)
Init t2, MP2 energy = -0.851297132612565
Init E_corr(UCCSD) = -0.851297132622708
cycle = 1  E_corr(UCCSD) = -0.827877843829636  dE = 0.0234192888  norm(t1,t2) = 0.134096
cycle = 2  E_corr(UCCSD) = -0.85373301895917  dE = -0.0258551751  norm(t1,t2) = 0.0411654
cycle = 3  E_corr(UCCSD) = -0.852393252638397  dE = 0.00133976632  norm(t1,t2) = 0.0243801
cycle = 4  E_corr(UCCSD) = -0.855763418700172  dE = -0.00337016606  norm(t1,t2) = 0.00868181
cycle = 5  E_corr(UCCSD) = -0.855845519419648  dE = -8.21007195e-05  norm(t1,t2) = 0.00156471
cycle = 6  E_corr(UCCSD) = -0.855713346173654  dE = 0.000132173246  norm(t1,t2) = 0.000612489
cycle = 7  E_corr(UCCSD) = -0.855695800249491  dE = 1.75459242e-05  norm(t1,t2) = 0.000166288
cycle = 8  E_corr(UCCSD) = -0.855702152967224  dE = -6.35271773e-06  norm(t1,t2) = 6.19052e-05
cycle = 9  E_corr(UCCSD) = -0.855703666268114  dE = -1.51330089e-06  norm(t1,t2) = 2.70768e-05
cycle = 10  E_corr(UCCSD) = -0.855703321432413  dE = 3.44835702e-07  norm(t1,t2) = 8.30558e-06
cycle = 11  E_corr(UCCSD) = -0.855703293590808  dE = 2.78416047e-08  norm(t1,t2) = 3.47267e-06
cycle = 12  E_corr(UCCSD) = -0.855703173078301  dE = 1.20512507e-07  norm(t1,t2) = 1.43601e-06
cycle = 13  E_corr(UCCSD) = -0.85570312910838  dE = 4.3969921e-08  norm(t1,t2) = 5.86526e-07
UCCSD converged
E(UCCSD) = -642.2543425391966  E_corr = -0.85570312910838
Size of the active space:  22
 Rotate orbitals
One-body =  -318.0376748674
Two-body =   150.1166890927
 New HF Energy:  -641.398639410090709
Manual CCSD E_corr = -0.8557031291083789
