 ---------------------------------------------------------
                                                          
                      Using Pyscf:
                                                          
 ---------------------------------------------------------
                                                          


******** <class 'pyscf.scf.hf.RHF'> ********
method = RHF
initial guess = atom
damping factor = 0
level_shift factor = 0
DIIS = <class 'pyscf.scf.diis.CDIIS'>
diis_start_cycle = 1
diis_space = 8
diis_damp = 0
SCF conv_tol = 1e-09
SCF conv_tol_grad = None
SCF max_cycles = 1000
direct_scf = True
direct_scf_tol = 1e-13
chkfile to save SCF result = /localscratch/2959455/tmptdgrebqy
max_memory 8000 MB (current use 252 MB)
Set gradient conv threshold to 3.16228e-05
Initial guess from superposition of atomic densities.
init E= -641.915659615773
  HOMO = -0.478317324520764  LUMO = -0.040598751904225
cycle= 1 E= -641.180304793258  delta_E= 0.735  |g|= 1.13  |ddm|= 2.74
  HOMO = -0.159300878058947  LUMO = 0.295139772623972
cycle= 2 E= -641.313898820291  delta_E= -0.134  |g|= 0.745  |ddm|= 1.21
  HOMO = -0.248407116879921  LUMO = 0.308043886738485
cycle= 3 E= -641.417924301114  delta_E= -0.104  |g|= 0.0515  |ddm|= 0.531
  HOMO = -0.247924717224053  LUMO = 0.30748991188527
cycle= 4 E= -641.418737219332  delta_E= -0.000813  |g|= 0.0192  |ddm|= 0.065
  HOMO = -0.249248431912127  LUMO = 0.308063192849893
cycle= 5 E= -641.418839737119  delta_E= -0.000103  |g|= 0.00522  |ddm|= 0.0204
  HOMO = -0.249275157687015  LUMO = 0.308066630830719
cycle= 6 E= -641.418850336549  delta_E= -1.06e-05  |g|= 0.00178  |ddm|= 0.00684
  HOMO = -0.249447538330641  LUMO = 0.307970965216768
cycle= 7 E= -641.418851662071  delta_E= -1.33e-06  |g|= 0.000783  |ddm|= 0.00247
  HOMO = -0.249547344315678  LUMO = 0.307965015844427
cycle= 8 E= -641.418851899343  delta_E= -2.37e-07  |g|= 0.000186  |ddm|= 0.000961
  HOMO = -0.249545949080828  LUMO = 0.307982175245629
cycle= 9 E= -641.418851923411  delta_E= -2.41e-08  |g|= 5.47e-05  |ddm|= 0.000394
  HOMO = -0.249556655279479  LUMO = 0.307973978621684
cycle= 10 E= -641.418851925992  delta_E= -2.58e-09  |g|= 1.81e-05  |ddm|= 0.00013
  HOMO = -0.2495546931975  LUMO = 0.30797556894762
cycle= 11 E= -641.41885192632  delta_E= -3.28e-10  |g|= 6e-06  |ddm|= 4.81e-05
  HOMO = -0.249555107742626  LUMO = 0.307975189302321
Extra cycle  E= -641.41885192635  delta_E= -3.01e-11  |g|= 3.24e-06  |ddm|= 1.01e-05
converged SCF energy = -641.41885192635

System and Method:
[('P', (-1.049645, -0.287746, 0.434389)), ('O', (-1.693936, 0.31334, -0.779217)), ('O', (-0.090087, -1.450577, 0.274598)), ('O', (-1.284616, 0.282788, 1.805092)), ('H', (1.286857, 1.097482, -0.275228)), ('O', (1.654209, 0.429252, -0.87236)), ('H', (1.177219, -0.384538, -0.587274))]
Basis set                                      :    6-31g(d)
Number of Orbitals                             :        78
Number of electrons                            :        50
Number of alpha electrons                      :        25
Number of beta electrons                       :        25
Nuclear Repulsion                              :  240.683445316357 
Electronic SCF energy                          : -882.102297242707 
SCF Energy                                     : -641.418851926350158
 AO->MO
Manual HF energy =  -641.418851926345496
******** < Constructing Hamiltonian in active space > ********
Number of frozen orbitals =  9
 NElectrons:   16   16
 ecore: -719.92522242
Manual HF energy =  -641.418851926345269
One-body =  -306.2880314540
Two-body =   144.1109566309
 HF Energy:  -641.418851926345269
MO energies:
[-79.8865517  -20.39552659 -20.36098891 -20.35768484 -20.35500474
  -7.4190813   -5.3188391   -5.31434757  -5.31428747  -1.18446294
  -1.17093319  -1.09686166  -1.09445632  -0.53922109  -0.52242515
  -0.4386025   -0.41531293  -0.41270795  -0.38113496  -0.33870674
  -0.31520099  -0.31269219  -0.28313051  -0.27765838  -0.24955511
   0.30797519   0.32947707   0.44755852   0.49948737   0.51515542
   0.58405746   0.62829047   0.71969152   0.8198662    0.82961013
   1.09079034   1.10238369   1.14185415   1.22687176   1.26294799
   1.26961371   1.31667543   1.33112298   1.40004094   1.45147225
   1.46852797   1.47329611   1.49464678   1.5181448    1.55867775
   1.57841727   1.65278607   1.6973951    1.70763057   1.8802491
   2.00328084   2.0151053    2.10763447   2.19681894   2.20007474
   2.2530182    2.25609978   2.27791978   2.28379865   2.28925209
   2.30220646   2.32625993   2.36477541   2.47720938   2.59761028
   2.61448468   2.80595649   2.82378681   2.84663841   3.11828396
   3.21954043   3.35702873   3.36405116]
E(MP2) = -642.280314520942  E_corr = -0.861462594592231
E(SCS-MP2) = -642.243588707057  E_corr = -0.824736780706521
Canonical MP2 Energy (a.u.):-642.2803145209423974

******** <class 'pyscf.cc.uccsd.UCCSD'> ********
CC2 = 0
CCSD nocc = (16, 16), nmo = (69, 69)
frozen orbitals 9
max_cycle = 50
direct = 0
conv_tol = 1e-07
conv_tol_normt = 1e-06
diis_space = 6
diis_start_cycle = 0
diis_start_energy_diff = 1e+09
max_memory 8000 MB (current use 6114 MB)
Init t2, MP2 energy = -0.84486119995121
Init E_corr(UCCSD) = -0.844861199956666
cycle = 1  E_corr(UCCSD) = -0.822888106280446  dE = 0.0219730937  norm(t1,t2) = 0.136946
cycle = 2  E_corr(UCCSD) = -0.849258609916784  dE = -0.0263705036  norm(t1,t2) = 0.0438864
cycle = 3  E_corr(UCCSD) = -0.84765368152108  dE = 0.0016049284  norm(t1,t2) = 0.0263892
cycle = 4  E_corr(UCCSD) = -0.85107701577852  dE = -0.00342333426  norm(t1,t2) = 0.00892029
cycle = 5  E_corr(UCCSD) = -0.851132182308815  dE = -5.51665303e-05  norm(t1,t2) = 0.00150607
cycle = 6  E_corr(UCCSD) = -0.851000431882921  dE = 0.000131750426  norm(t1,t2) = 0.000579424
cycle = 7  E_corr(UCCSD) = -0.850982170726007  dE = 1.82611569e-05  norm(t1,t2) = 0.000147531
cycle = 8  E_corr(UCCSD) = -0.850986659455321  dE = -4.48872931e-06  norm(t1,t2) = 6.09682e-05
cycle = 9  E_corr(UCCSD) = -0.850988471306123  dE = -1.8118508e-06  norm(t1,t2) = 3.00952e-05
cycle = 10  E_corr(UCCSD) = -0.850987869194646  dE = 6.02111478e-07  norm(t1,t2) = 1.26037e-05
cycle = 11  E_corr(UCCSD) = -0.850988002437811  dE = -1.33243165e-07  norm(t1,t2) = 6.60888e-06
cycle = 12  E_corr(UCCSD) = -0.850987865404656  dE = 1.37033155e-07  norm(t1,t2) = 3.01704e-06
cycle = 13  E_corr(UCCSD) = -0.850987812052726  dE = 5.33519295e-08  norm(t1,t2) = 1.27376e-06
cycle = 14  E_corr(UCCSD) = -0.850987818542302  dE = -6.48957554e-09  norm(t1,t2) = 6.06416e-07
UCCSD converged
E(UCCSD) = -642.2698397448925  E_corr = -0.8509878185423018
Size of the active space:  22
 Rotate orbitals
One-body =  -306.2880314540
Two-body =   144.1109566309
 New HF Energy:  -641.418851926345269
Manual CCSD E_corr = -0.8509878185423049
