 ---------------------------------------------------------
                                                          
                      Using Pyscf:
                                                          
 ---------------------------------------------------------
                                                          


******** <class 'pyscf.scf.hf.RHF'> ********
method = RHF
initial guess = atom
damping factor = 0
level_shift factor = 0
DIIS = <class 'pyscf.scf.diis.CDIIS'>
diis_start_cycle = 1
diis_space = 8
diis_damp = 0
SCF conv_tol = 1e-09
SCF conv_tol_grad = None
SCF max_cycles = 1000
direct_scf = True
direct_scf_tol = 1e-13
chkfile to save SCF result = /localscratch/2959456/tmpyas508ld
max_memory 8000 MB (current use 252 MB)
Set gradient conv threshold to 3.16228e-05
Initial guess from superposition of atomic densities.
init E= -641.933138591789
  HOMO = -0.47804615227381  LUMO = -0.0374131529892804
cycle= 1 E= -641.181807650788  delta_E= 0.751  |g|= 1.12  |ddm|= 2.74
  HOMO = -0.15437113930905  LUMO = 0.306732091926699
cycle= 2 E= -641.315118463174  delta_E= -0.133  |g|= 0.739  |ddm|= 1.22
  HOMO = -0.244534003325207  LUMO = 0.317180941655902
cycle= 3 E= -641.417369241604  delta_E= -0.102  |g|= 0.0521  |ddm|= 0.528
  HOMO = -0.244666321359759  LUMO = 0.316040935347116
cycle= 4 E= -641.418204662044  delta_E= -0.000835  |g|= 0.0195  |ddm|= 0.0661
  HOMO = -0.245892132956094  LUMO = 0.316648072066268
cycle= 5 E= -641.418310422514  delta_E= -0.000106  |g|= 0.00541  |ddm|= 0.0209
  HOMO = -0.245913870766645  LUMO = 0.316695769418968
cycle= 6 E= -641.418321809038  delta_E= -1.14e-05  |g|= 0.00182  |ddm|= 0.00709
  HOMO = -0.246103865234224  LUMO = 0.316577983901466
cycle= 7 E= -641.418323275629  delta_E= -1.47e-06  |g|= 0.000814  |ddm|= 0.00265
  HOMO = -0.246210523825286  LUMO = 0.3165687487944
cycle= 8 E= -641.418323538723  delta_E= -2.63e-07  |g|= 0.0002  |ddm|= 0.00103
  HOMO = -0.246207082658647  LUMO = 0.316590707577239
cycle= 9 E= -641.418323566742  delta_E= -2.8e-08  |g|= 5.89e-05  |ddm|= 0.000429
  HOMO = -0.246218267872355  LUMO = 0.316581795535037
cycle= 10 E= -641.418323569738  delta_E= -3e-09  |g|= 1.99e-05  |ddm|= 0.000143
  HOMO = -0.246216261177214  LUMO = 0.316583485240889
cycle= 11 E= -641.418323570093  delta_E= -3.55e-10  |g|= 8.65e-06  |ddm|= 5e-05
  HOMO = -0.246216418503486  LUMO = 0.316583280325642
Extra cycle  E= -641.418323570129  delta_E= -3.57e-11  |g|= 5.75e-06  |ddm|= 1.29e-05
converged SCF energy = -641.418323570129

System and Method:
[('P', (-1.026634, -0.286009, 0.364497)), ('O', (-1.833264, 0.185167, -0.806181)), ('O', (-0.100917, -1.480548, 0.220125)), ('O', (-1.078996, 0.417352, 1.694351)), ('H', (1.394867, 1.04637, -0.064349)), ('O', (1.508318, 0.491858, -0.85078)), ('H', (1.136624, -0.374189, -0.557662))]
Basis set                                      :    6-31g(d)
Number of Orbitals                             :        78
Number of electrons                            :        50
Number of alpha electrons                      :        25
Number of beta electrons                       :        25
Nuclear Repulsion                              :  243.055764053314 
Electronic SCF energy                          : -884.474087623442 
SCF Energy                                     : -641.418323570128564
 AO->MO
Manual HF energy =  -641.418323570128564
******** < Constructing Hamiltonian in active space > ********
Number of frozen orbitals =  9
 NElectrons:   16   16
 ecore: -721.33761929
Manual HF energy =  -641.418323570128564
One-body =  -308.2509304541
Two-body =   145.1144621245
 HF Energy:  -641.418323570128564
MO energies:
[-79.8844369  -20.40005971 -20.3569317  -20.35454368 -20.35135933
  -7.41655935  -5.31632709  -5.31184085  -5.3117947   -1.18668797
  -1.16996959  -1.09325698  -1.09127367  -0.54401457  -0.52116988
  -0.44002793  -0.41197712  -0.41019071  -0.38079778  -0.33837028
  -0.31304022  -0.30919576  -0.28024276  -0.27457394  -0.24621642
   0.31658328   0.34287564   0.43219794   0.50306993   0.52322232
   0.58449563   0.63417313   0.73067016   0.82248277   0.83166689
   1.09218496   1.10347566   1.14353653   1.22303928   1.26138991
   1.27089091   1.309786     1.3434468    1.42578816   1.44650228
   1.4614461    1.47279721   1.50272566   1.52115122   1.55887946
   1.60065681   1.64456137   1.70183022   1.71165507   1.87171821
   2.0056153    2.01485705   2.13396387   2.19035097   2.19940704
   2.25856236   2.26998243   2.27831098   2.28362163   2.29250008
   2.30529866   2.32749096   2.37174663   2.48368256   2.59861928
   2.62002822   2.82078226   2.825595     2.84228901   3.1137112
   3.22912843   3.36176746   3.36714229]
E(MP2) = -642.280266099157  E_corr = -0.861942529028577
E(SCS-MP2) = -642.243394064539  E_corr = -0.825070494410435
Canonical MP2 Energy (a.u.):-642.2802660991571884

******** <class 'pyscf.cc.uccsd.UCCSD'> ********
CC2 = 0
CCSD nocc = (16, 16), nmo = (69, 69)
frozen orbitals 9
max_cycle = 50
direct = 0
conv_tol = 1e-07
conv_tol_normt = 1e-06
diis_space = 6
diis_start_cycle = 0
diis_start_energy_diff = 1e+09
max_memory 8000 MB (current use 6116 MB)
Init t2, MP2 energy = -0.845330350987955
Init E_corr(UCCSD) = -0.845330350999587
cycle = 1  E_corr(UCCSD) = -0.823308181869275  dE = 0.0220221691  norm(t1,t2) = 0.136587
cycle = 2  E_corr(UCCSD) = -0.849573532916973  dE = -0.026265351  norm(t1,t2) = 0.0434574
cycle = 3  E_corr(UCCSD) = -0.848016005970568  dE = 0.00155752695  norm(t1,t2) = 0.0260878
cycle = 4  E_corr(UCCSD) = -0.851434012456076  dE = -0.00341800649  norm(t1,t2) = 0.00888759
cycle = 5  E_corr(UCCSD) = -0.851491652652739  dE = -5.76401967e-05  norm(t1,t2) = 0.00151063
cycle = 6  E_corr(UCCSD) = -0.851360803225931  dE = 0.000130849427  norm(t1,t2) = 0.000581054
cycle = 7  E_corr(UCCSD) = -0.851342584936385  dE = 1.82182895e-05  norm(t1,t2) = 0.000151655
cycle = 8  E_corr(UCCSD) = -0.851347255159386  dE = -4.670223e-06  norm(t1,t2) = 5.99702e-05
cycle = 9  E_corr(UCCSD) = -0.851349055562666  dE = -1.80040328e-06  norm(t1,t2) = 2.95421e-05
cycle = 10  E_corr(UCCSD) = -0.85134848639536  dE = 5.69167306e-07  norm(t1,t2) = 1.10785e-05
cycle = 11  E_corr(UCCSD) = -0.851348585129343  dE = -9.87339837e-08  norm(t1,t2) = 5.5842e-06
cycle = 12  E_corr(UCCSD) = -0.85134845710254  dE = 1.28026803e-07  norm(t1,t2) = 2.48102e-06
cycle = 13  E_corr(UCCSD) = -0.851348407670339  dE = 4.9432201e-08  norm(t1,t2) = 1.04489e-06
cycle = 14  E_corr(UCCSD) = -0.851348410619853  dE = -2.94951374e-09  norm(t1,t2) = 5.02137e-07
UCCSD converged
E(UCCSD) = -642.2696719807484  E_corr = -0.851348410619853
Size of the active space:  22
 Rotate orbitals
One-body =  -308.2509304541
Two-body =   145.1144621245
 New HF Energy:  -641.418323570128564
Manual CCSD E_corr = -0.851348410619857
