 ---------------------------------------------------------
                                                          
                      Using Pyscf:
                                                          
 ---------------------------------------------------------
                                                          


******** <class 'pyscf.scf.hf.RHF'> ********
method = RHF
initial guess = atom
damping factor = 0
level_shift factor = 0
DIIS = <class 'pyscf.scf.diis.CDIIS'>
diis_start_cycle = 1
diis_space = 8
diis_damp = 0
SCF conv_tol = 1e-09
SCF conv_tol_grad = None
SCF max_cycles = 1000
direct_scf = True
direct_scf_tol = 1e-13
chkfile to save SCF result = /localscratch/2959454/tmpvtdb55qr
max_memory 8000 MB (current use 252 MB)
Set gradient conv threshold to 3.16228e-05
Initial guess from superposition of atomic densities.
init E= -641.911118712655
  HOMO = -0.478537975493004  LUMO = -0.0406047983689574
cycle= 1 E= -641.183218069467  delta_E= 0.728  |g|= 1.13  |ddm|= 2.73
  HOMO = -0.162149863867775  LUMO = 0.294762755846064
cycle= 2 E= -641.316606183257  delta_E= -0.133  |g|= 0.744  |ddm|= 1.21
  HOMO = -0.250688878632419  LUMO = 0.307940441734039
cycle= 3 E= -641.420365994516  delta_E= -0.104  |g|= 0.0512  |ddm|= 0.529
  HOMO = -0.249872916642808  LUMO = 0.307426410277049
cycle= 4 E= -641.421166097462  delta_E= -0.0008  |g|= 0.0191  |ddm|= 0.0642
  HOMO = -0.251213967542774  LUMO = 0.307940266093351
cycle= 5 E= -641.421267296569  delta_E= -0.000101  |g|= 0.00505  |ddm|= 0.0202
  HOMO = -0.251253731505512  LUMO = 0.307968402046734
cycle= 6 E= -641.421277442674  delta_E= -1.01e-05  |g|= 0.00175  |ddm|= 0.00673
  HOMO = -0.251420363643298  LUMO = 0.307874999393193
cycle= 7 E= -641.42127871279  delta_E= -1.27e-06  |g|= 0.000775  |ddm|= 0.0024
  HOMO = -0.251516079128906  LUMO = 0.307867127828754
cycle= 8 E= -641.421278943127  delta_E= -2.3e-07  |g|= 0.000184  |ddm|= 0.000947
  HOMO = -0.25151506460749  LUMO = 0.307885042467884
cycle= 9 E= -641.421278966367  delta_E= -2.32e-08  |g|= 5.39e-05  |ddm|= 0.000387
  HOMO = -0.251525419260079  LUMO = 0.307876584572591
cycle= 10 E= -641.421278968901  delta_E= -2.53e-09  |g|= 1.85e-05  |ddm|= 0.000128
  HOMO = -0.25152348170129  LUMO = 0.307878177808476
cycle= 11 E= -641.421278969236  delta_E= -3.35e-10  |g|= 6.92e-06  |ddm|= 4.83e-05
  HOMO = -0.251523870955384  LUMO = 0.307877860311711
Extra cycle  E= -641.421278969266  delta_E= -3.05e-11  |g|= 4.37e-06  |ddm|= 1.11e-05
converged SCF energy = -641.421278969266

System and Method:
[('P', (-1.048582, -0.281023, 0.485985)), ('O', (-1.545602, 0.437394, -0.736122)), ('O', (-0.079871, -1.432851, 0.317975)), ('O', (-1.441061, 0.169951, 1.863005)), ('H', (1.169366, 1.102818, -0.481115)), ('O', (1.725844, 0.403563, -0.85389)), ('H', (1.219905, -0.399851, -0.595837))]
Basis set                                      :    6-31g(d)
Number of Orbitals                             :        78
Number of electrons                            :        50
Number of alpha electrons                      :        25
Number of beta electrons                       :        25
Nuclear Repulsion                              :  239.996140333869 
Electronic SCF energy                          : -881.417419303136 
SCF Energy                                     : -641.421278969266496
 AO->MO
Manual HF energy =  -641.421278969264222
******** < Constructing Hamiltonian in active space > ********
Number of frozen orbitals =  9
 NElectrons:   16   16
 ecore: -719.47342434
Manual HF energy =  -641.421278969264222
One-body =  -305.8099943328
Two-body =   143.8659993716
 HF Energy:  -641.421278969264336
MO energies:
[-79.88804013 -20.3911119  -20.36218305 -20.35939433 -20.35772488
  -7.42062055  -5.32035869  -5.3159147   -5.31583617  -1.18438459
  -1.16890836  -1.09858719  -1.0964805   -0.53512881  -0.52184803
  -0.43769997  -0.41688179  -0.41360355  -0.38271692  -0.33598533
  -0.31614306  -0.31470977  -0.28426492  -0.28013447  -0.25152387
   0.30787786   0.32967289   0.44866202   0.49696115   0.51740104
   0.57904976   0.62425579   0.71192678   0.81697136   0.83317938
   1.09125182   1.10094543   1.14300555   1.22700665   1.26222934
   1.2730251    1.31404873   1.33113617   1.38867534   1.45029681
   1.47130199   1.47718105   1.49630999   1.52385186   1.54744134
   1.57527914   1.66159525   1.69374174   1.70007625   1.88066331
   1.99736666   2.00215589   2.09779663   2.20029812   2.20876418
   2.23850308   2.25382916   2.27591432   2.28638864   2.29031009
   2.30116505   2.32996814   2.35364262   2.47427961   2.59639377
   2.61412244   2.80302514   2.82140373   2.84243928   3.11526133
   3.21074935   3.35551622   3.36178521]
E(MP2) = -642.282375375364  E_corr = -0.861096406097767
E(SCS-MP2) = -642.245701705475  E_corr = -0.824422736207997
Canonical MP2 Energy (a.u.):-642.2823753753642677

******** <class 'pyscf.cc.uccsd.UCCSD'> ********
CC2 = 0
CCSD nocc = (16, 16), nmo = (69, 69)
frozen orbitals 9
max_cycle = 50
direct = 0
conv_tol = 1e-07
conv_tol_normt = 1e-06
diis_space = 6
diis_start_cycle = 0
diis_start_energy_diff = 1e+09
max_memory 8000 MB (current use 6116 MB)
Init t2, MP2 energy = -0.84450335077506
Init E_corr(UCCSD) = -0.844503350782895
cycle = 1  E_corr(UCCSD) = -0.822657910393592  dE = 0.0218454404  norm(t1,t2) = 0.136772
cycle = 2  E_corr(UCCSD) = -0.848980555902941  dE = -0.0263226455  norm(t1,t2) = 0.0438498
cycle = 3  E_corr(UCCSD) = -0.847381184115521  dE = 0.00159937179  norm(t1,t2) = 0.0263377
cycle = 4  E_corr(UCCSD) = -0.85080297801394  dE = -0.0034217939  norm(t1,t2) = 0.00889385
cycle = 5  E_corr(UCCSD) = -0.850854305023219  dE = -5.13270093e-05  norm(t1,t2) = 0.00148496
cycle = 6  E_corr(UCCSD) = -0.850723575742964  dE = 0.00013072928  norm(t1,t2) = 0.000569972
cycle = 7  E_corr(UCCSD) = -0.850705714339979  dE = 1.7861403e-05  norm(t1,t2) = 0.000141755
cycle = 8  E_corr(UCCSD) = -0.850710244084604  dE = -4.52974463e-06  norm(t1,t2) = 5.90415e-05
cycle = 9  E_corr(UCCSD) = -0.850711868104172  dE = -1.62401957e-06  norm(t1,t2) = 2.87726e-05
cycle = 10  E_corr(UCCSD) = -0.850711264904032  dE = 6.0320014e-07  norm(t1,t2) = 1.28574e-05
cycle = 11  E_corr(UCCSD) = -0.850711421176705  dE = -1.56272673e-07  norm(t1,t2) = 6.79764e-06
cycle = 12  E_corr(UCCSD) = -0.850711285584703  dE = 1.35592001e-07  norm(t1,t2) = 3.04228e-06
cycle = 13  E_corr(UCCSD) = -0.850711237782809  dE = 4.78018941e-08  norm(t1,t2) = 1.26187e-06
cycle = 14  E_corr(UCCSD) = -0.850711246417262  dE = -8.6344526e-09  norm(t1,t2) = 5.87945e-07
UCCSD converged
E(UCCSD) = -642.2719902156838  E_corr = -0.8507112464172616
Size of the active space:  22
 Rotate orbitals
One-body =  -305.8099943328
Two-body =   143.8659993716
 New HF Energy:  -641.421278969264336
Manual CCSD E_corr = -0.850711246417259
