 ---------------------------------------------------------
                                                          
                      Using Pyscf:
                                                          
 ---------------------------------------------------------
                                                          


******** <class 'pyscf.scf.hf.RHF'> ********
method = RHF
initial guess = atom
damping factor = 0
level_shift factor = 0
DIIS = <class 'pyscf.scf.diis.CDIIS'>
diis_start_cycle = 1
diis_space = 8
diis_damp = 0
SCF conv_tol = 1e-09
SCF conv_tol_grad = None
SCF max_cycles = 1000
direct_scf = True
direct_scf_tol = 1e-13
chkfile to save SCF result = /localscratch/2959479/tmptycqfcpz
max_memory 8000 MB (current use 252 MB)
Set gradient conv threshold to 3.16228e-05
Initial guess from superposition of atomic densities.
init E= -642.148063400422
  HOMO = -0.465773935141238  LUMO = 0.00222897202046568
cycle= 1 E= -641.169644425239  delta_E= 0.978  |g|= 1.09  |ddm|= 2.76
  HOMO = -0.132492311080603  LUMO = 0.35775510158991
cycle= 2 E= -641.304940327889  delta_E= -0.135  |g|= 0.689  |ddm|=  1.2
  HOMO = -0.236537959309028  LUMO = 0.363900058857634
cycle= 3 E= -641.393227654487  delta_E= -0.0883  |g|= 0.0601  |ddm|= 0.49
  HOMO = -0.237233252488535  LUMO = 0.366351671782064
cycle= 4 E= -641.394190448354  delta_E= -0.000963  |g|= 0.0243  |ddm|= 0.0719
  HOMO = -0.239463475750458  LUMO = 0.36818673217352
cycle= 5 E= -641.394352191988  delta_E= -0.000162  |g|= 0.00586  |ddm|= 0.0275
  HOMO = -0.239015147479768  LUMO = 0.36797859683319
cycle= 6 E= -641.394365609219  delta_E= -1.34e-05  |g|= 0.0016  |ddm|= 0.00811
  HOMO = -0.239412268877185  LUMO = 0.367891588986111
cycle= 7 E= -641.394367316997  delta_E= -1.71e-06  |g|= 0.000477  |ddm|= 0.00353
  HOMO = -0.239405210198666  LUMO = 0.367938473613516
cycle= 8 E= -641.394367450434  delta_E= -1.33e-07  |g|= 0.000182  |ddm|= 0.00106
  HOMO = -0.239414211560938  LUMO = 0.367935096200661
cycle= 9 E= -641.394367463489  delta_E= -1.31e-08  |g|= 7.22e-05  |ddm|= 0.000304
  HOMO = -0.239422115726464  LUMO = 0.367931098487859
cycle= 10 E= -641.394367465531  delta_E= -2.04e-09  |g|= 1.78e-05  |ddm|= 0.000111
  HOMO = -0.239419838025851  LUMO = 0.367932361494216
cycle= 11 E= -641.394367465755  delta_E= -2.24e-10  |g|= 5.61e-06  |ddm|= 4.18e-05
  HOMO = -0.239419594692535  LUMO = 0.367931788813784
Extra cycle  E= -641.394367465782  delta_E= -2.65e-11  |g|= 2.87e-06  |ddm|= 9.72e-06
converged SCF energy = -641.394367465782

System and Method:
[('P', (-0.748795, -0.070942, 0.170562)), ('O', (-1.834623, 0.099226, -0.844534)), ('O', (0.105138, -1.431728, 0.061546)), ('O', (-0.81532, 0.514213, 1.549485)), ('H', (1.438699, 1.025493, 0.073533)), ('O', (0.946302, 0.610974, -0.655463)), ('H', (0.908598, -0.747236, -0.355128))]
Basis set                                      :    6-31g(d)
Number of Orbitals                             :        78
Number of electrons                            :        50
Number of alpha electrons                      :        25
Number of beta electrons                       :        25
Nuclear Repulsion                              :  259.181153947038 
Electronic SCF energy                          : -900.575521412820 
SCF Energy                                     : -641.394367465781556
 AO->MO
Manual HF energy =  -641.394367465779737
******** < Constructing Hamiltonian in active space > ********
Number of frozen orbitals =  9
 NElectrons:   16   16
 ecore: -731.01306430
Manual HF energy =  -641.394367465779624
One-body =  -321.3065642668
Two-body =   151.7441071527
 HF Energy:  -641.394367465779624
MO energies:
[-79.90067769 -20.39256322 -20.37873305 -20.33089871 -20.32773699
  -7.42453802  -5.32355009  -5.32149398  -5.32071349  -1.20804351
  -1.12215306  -1.10502437  -1.07459745  -0.55455316  -0.52747642
  -0.44447537  -0.41413752  -0.39246018  -0.38730965  -0.32149873
  -0.29725669  -0.288004    -0.27438665  -0.2583802   -0.23941959
   0.36793179   0.41167103   0.4468603    0.51987946   0.53560623
   0.54017194   0.67251791   0.69631086   0.78038416   0.82381231
   1.03573076   1.08329784   1.10074407   1.224845     1.26050514
   1.27934225   1.3263202    1.40224355   1.42177577   1.46214525
   1.48207226   1.49743329   1.52177209   1.54370426   1.59566375
   1.6389477    1.6616375    1.71282466   1.71755248   1.95287725
   2.02377051   2.05381811   2.20103639   2.23131426   2.2454209
   2.25292155   2.26868663   2.27632973   2.31269096   2.31479491
   2.32117853   2.38943126   2.45726488   2.56114414   2.60563286
   2.62937694   2.78430549   2.847682     2.88154408   3.01729498
   3.1419498    3.33905891   3.39304998]
E(MP2) = -642.265048238764  E_corr = -0.870680772982089
E(SCS-MP2) = -642.226385202857  E_corr = -0.832017737075568
Canonical MP2 Energy (a.u.):-642.2650482387635975

******** <class 'pyscf.cc.uccsd.UCCSD'> ********
CC2 = 0
CCSD nocc = (16, 16), nmo = (69, 69)
frozen orbitals 9
max_cycle = 50
direct = 0
conv_tol = 1e-07
conv_tol_normt = 1e-06
diis_space = 6
diis_start_cycle = 0
diis_start_energy_diff = 1e+09
max_memory 8000 MB (current use 6116 MB)
Init t2, MP2 energy = -0.853762377553198
Init E_corr(UCCSD) = -0.853762377557282
cycle = 1  E_corr(UCCSD) = -0.830569520221036  dE = 0.0231928573  norm(t1,t2) = 0.129529
cycle = 2  E_corr(UCCSD) = -0.855652252076182  dE = -0.0250827319  norm(t1,t2) = 0.0387968
cycle = 3  E_corr(UCCSD) = -0.85460698932209  dE = 0.00104526275  norm(t1,t2) = 0.0225066
cycle = 4  E_corr(UCCSD) = -0.857891755773961  dE = -0.00328476645  norm(t1,t2) = 0.00823561
cycle = 5  E_corr(UCCSD) = -0.857999745688391  dE = -0.000107989914  norm(t1,t2) = 0.00161658
cycle = 6  E_corr(UCCSD) = -0.857869144360024  dE = 0.000130601328  norm(t1,t2) = 0.000656228
cycle = 7  E_corr(UCCSD) = -0.85785133306339  dE = 1.78112966e-05  norm(t1,t2) = 0.000172954
cycle = 8  E_corr(UCCSD) = -0.857858294570763  dE = -6.96150737e-06  norm(t1,t2) = 7.01536e-05
cycle = 9  E_corr(UCCSD) = -0.857859910725997  dE = -1.61615523e-06  norm(t1,t2) = 2.74727e-05
cycle = 10  E_corr(UCCSD) = -0.857859610129407  dE = 3.0059659e-07  norm(t1,t2) = 8.96328e-06
cycle = 11  E_corr(UCCSD) = -0.857859519570237  dE = 9.05591706e-08  norm(t1,t2) = 3.4603e-06
cycle = 12  E_corr(UCCSD) = -0.857859423032674  dE = 9.65375625e-08  norm(t1,t2) = 1.44678e-06
cycle = 13  E_corr(UCCSD) = -0.857859395019244  dE = 2.80134299e-08  norm(t1,t2) = 5.13659e-07
UCCSD converged
E(UCCSD) = -642.2522268608008  E_corr = -0.8578593950192445
Size of the active space:  22
 Rotate orbitals
One-body =  -321.3065642668
Two-body =   151.7441071527
 New HF Energy:  -641.394367465779624
Manual CCSD E_corr = -0.8578593950192449
