 ---------------------------------------------------------
                                                          
                      Using Pyscf:
                                                          
 ---------------------------------------------------------
                                                          


******** <class 'pyscf.scf.hf.RHF'> ********
method = RHF
initial guess = atom
damping factor = 0
level_shift factor = 0
DIIS = <class 'pyscf.scf.diis.CDIIS'>
diis_start_cycle = 1
diis_space = 8
diis_damp = 0
SCF conv_tol = 1e-09
SCF conv_tol_grad = None
SCF max_cycles = 1000
direct_scf = True
direct_scf_tol = 1e-13
chkfile to save SCF result = /localscratch/2959453/tmpotyl4c41
max_memory 8000 MB (current use 220 MB)
Set gradient conv threshold to 3.16228e-05
Initial guess from superposition of atomic densities.
init E= -641.908269520848
  HOMO = -0.478672251877436  LUMO = -0.039056236344375
cycle= 1 E= -641.189252047174  delta_E= 0.719  |g|= 1.12  |ddm|= 2.73
  HOMO = -0.164736245624194  LUMO = 0.299139545845164
cycle= 2 E= -641.322011442608  delta_E= -0.133  |g|= 0.739  |ddm|=  1.2
  HOMO = -0.252775113375065  LUMO = 0.311332215487202
cycle= 3 E= -641.42428189798  delta_E= -0.102  |g|= 0.0512  |ddm|= 0.525
  HOMO = -0.251632798217122  LUMO = 0.310915967812391
cycle= 4 E= -641.425065265369  delta_E= -0.000783  |g|= 0.0192  |ddm|= 0.0631
  HOMO = -0.252965125707531  LUMO = 0.311398204830554
cycle= 5 E= -641.425166694655  delta_E= -0.000101  |g|= 0.00489  |ddm|= 0.0201
  HOMO = -0.253026405739151  LUMO = 0.311478207868543
cycle= 6 E= -641.425176451624  delta_E= -9.76e-06  |g|= 0.00173  |ddm|= 0.00668
  HOMO = -0.253188018020807  LUMO = 0.311385963569112
cycle= 7 E= -641.425177690269  delta_E= -1.24e-06  |g|= 0.000774  |ddm|= 0.00237
  HOMO = -0.253282615793107  LUMO = 0.311376462785967
cycle= 8 E= -641.425177918371  delta_E= -2.28e-07  |g|= 0.00018  |ddm|= 0.00095
  HOMO = -0.253281571175828  LUMO = 0.311397279829039
cycle= 9 E= -641.425177940378  delta_E= -2.2e-08  |g|= 5.23e-05  |ddm|= 0.000377
  HOMO = -0.25329149719381  LUMO = 0.311388383708513
cycle= 10 E= -641.425177942747  delta_E= -2.37e-09  |g|= 1.85e-05  |ddm|= 0.000123
  HOMO = -0.253289584024581  LUMO = 0.31139002608137
cycle= 11 E= -641.425177943085  delta_E= -3.38e-10  |g|= 7.43e-06  |ddm|= 4.74e-05
  HOMO = -0.253289960376438  LUMO = 0.311389728618217
Extra cycle  E= -641.425177943113  delta_E= -2.82e-11  |g|= 4.81e-06  |ddm|= 1.16e-05
converged SCF energy = -641.425177943113

System and Method:
[('P', (-1.041243, -0.267745, 0.531838)), ('O', (-1.397359, 0.564903, -0.67073)), ('O', (-0.06728, -1.412563, 0.359896)), ('O', (-1.590025, 0.060446, 1.8881)), ('H', (1.058861, 1.061368, -0.682822)), ('O', (1.757123, 0.40715, -0.83897)), ('H', (1.279924, -0.413559, -0.587312))]
Basis set                                      :    6-31g(d)
Number of Orbitals                             :        78
Number of electrons                            :        50
Number of alpha electrons                      :        25
Number of beta electrons                       :        25
Nuclear Repulsion                              :  239.841542206860 
Electronic SCF energy                          : -881.266720149972 
SCF Energy                                     : -641.425177943112772
 AO->MO
Manual HF energy =  -641.425177943111976
******** < Constructing Hamiltonian in active space > ********
Number of frozen orbitals =  9
 NElectrons:   16   16
 ecore: -719.31406593
Manual HF energy =  -641.425177943112089
One-body =  -305.8353065251
Two-body =   143.8826523069
 HF Energy:  -641.425177943111976
MO energies:
[-79.88979014 -20.38516563 -20.36267352 -20.36058284 -20.36044209
  -7.42221344  -5.32193308  -5.31755929  -5.31745235  -1.18480373
  -1.16452091  -1.09973784  -1.09831017  -0.53133734  -0.51875443
  -0.43637946  -0.41776877  -0.41399678  -0.38463098  -0.33081716
  -0.31700707  -0.31608127  -0.28524816  -0.28231996  -0.25328996
   0.31138973   0.33470795   0.44770695   0.49475974   0.52402364
   0.57406787   0.61941982   0.70162959   0.81477011   0.83711086
   1.0921819    1.09895032   1.14680482   1.22509618   1.2597609
   1.27692063   1.31773279   1.33679341   1.39121281   1.44605917
   1.4677108    1.47792533   1.49276556   1.52432337   1.54086355
   1.5904581    1.68100663   1.69071781   1.69746035   1.8759897
   1.98078361   1.99642697   2.09351353   2.20466542   2.20898226
   2.23388867   2.25231796   2.27560791   2.28760325   2.29311012
   2.30175974   2.33473424   2.34100567   2.4722029    2.59440881
   2.61448545   2.80400833   2.81985045   2.83594354   3.10916626
   3.20023718   3.35545903   3.35903856]
E(MP2) = -642.286035064704  E_corr = -0.860857121591377
E(SCS-MP2) = -642.249360467682  E_corr = -0.824182524568719
Canonical MP2 Energy (a.u.):-642.2860350647041514

******** <class 'pyscf.cc.uccsd.UCCSD'> ********
CC2 = 0
CCSD nocc = (16, 16), nmo = (69, 69)
frozen orbitals 9
max_cycle = 50
direct = 0
conv_tol = 1e-07
conv_tol_normt = 1e-06
diis_space = 6
diis_start_cycle = 0
diis_start_energy_diff = 1e+09
max_memory 8000 MB (current use 6093 MB)
Init t2, MP2 energy = -0.844272447214526
Init E_corr(UCCSD) = -0.844272447223645
cycle = 1  E_corr(UCCSD) = -0.822562599183169  dE = 0.021709848  norm(t1,t2) = 0.136479
cycle = 2  E_corr(UCCSD) = -0.848793263848874  dE = -0.0262306647  norm(t1,t2) = 0.043669
cycle = 3  E_corr(UCCSD) = -0.84721589432905  dE = 0.00157736952  norm(t1,t2) = 0.0261886
cycle = 4  E_corr(UCCSD) = -0.850635190626427  dE = -0.0034192963  norm(t1,t2) = 0.0088579
cycle = 5  E_corr(UCCSD) = -0.850682880626283  dE = -4.76899999e-05  norm(t1,t2) = 0.00146131
cycle = 6  E_corr(UCCSD) = -0.85055385690988  dE = 0.000129023716  norm(t1,t2) = 0.000558726
cycle = 7  E_corr(UCCSD) = -0.850536471612909  dE = 1.7385297e-05  norm(t1,t2) = 0.000136243
cycle = 8  E_corr(UCCSD) = -0.850540814984982  dE = -4.34337207e-06  norm(t1,t2) = 5.48316e-05
cycle = 9  E_corr(UCCSD) = -0.850542332166975  dE = -1.51718199e-06  norm(t1,t2) = 2.57254e-05
cycle = 10  E_corr(UCCSD) = -0.850541744071384  dE = 5.88095591e-07  norm(t1,t2) = 1.08324e-05
cycle = 11  E_corr(UCCSD) = -0.850541884287997  dE = -1.40216614e-07  norm(t1,t2) = 5.72998e-06
cycle = 12  E_corr(UCCSD) = -0.850541789145562  dE = 9.51424356e-08  norm(t1,t2) = 2.61124e-06
cycle = 13  E_corr(UCCSD) = -0.850541756928623  dE = 3.22169391e-08  norm(t1,t2) = 1.11157e-06
cycle = 14  E_corr(UCCSD) = -0.85054176873816  dE = -1.18095372e-08  norm(t1,t2) = 5.25542e-07
UCCSD converged
E(UCCSD) = -642.2757197118509  E_corr = -0.8505417687381598
Size of the active space:  22
 Rotate orbitals
One-body =  -305.8353065251
Two-body =   143.8826523069
 New HF Energy:  -641.425177943111976
Manual CCSD E_corr = -0.8505417687381573
