 ---------------------------------------------------------
                                                          
                      Using Pyscf:
                                                          
 ---------------------------------------------------------
                                                          


******** <class 'pyscf.scf.hf.RHF'> ********
method = RHF
initial guess = atom
damping factor = 0
level_shift factor = 0
DIIS = <class 'pyscf.scf.diis.CDIIS'>
diis_start_cycle = 1
diis_space = 8
diis_damp = 0
SCF conv_tol = 1e-09
SCF conv_tol_grad = None
SCF max_cycles = 1000
direct_scf = True
direct_scf_tol = 1e-13
chkfile to save SCF result = /localscratch/2959484/tmpf_w6_0j2
max_memory 8000 MB (current use 252 MB)
Set gradient conv threshold to 3.16228e-05
Initial guess from superposition of atomic densities.
init E= -642.280894613891
  HOMO = -0.481181777141223  LUMO = 0.0440408104361599
cycle= 1 E= -641.227955626285  delta_E= 1.05  |g|=  1.1  |ddm|= 2.76
  HOMO = -0.104968996296134  LUMO = 0.361162607548335
cycle= 2 E= -641.376050849899  delta_E= -0.148  |g|= 0.674  |ddm|=  1.2
  HOMO = -0.222843484483362  LUMO = 0.370080048830837
cycle= 3 E= -641.459417049846  delta_E= -0.0834  |g|= 0.0629  |ddm|= 0.478
  HOMO = -0.222126823245387  LUMO = 0.373780819408245
cycle= 4 E= -641.460431326956  delta_E= -0.00101  |g|= 0.0245  |ddm|= 0.0778
  HOMO = -0.224512235941573  LUMO = 0.375858282191628
cycle= 5 E= -641.460588287376  delta_E= -0.000157  |g|= 0.00574  |ddm|= 0.0274
  HOMO = -0.223789349570048  LUMO = 0.375375753600185
cycle= 6 E= -641.460598273959  delta_E= -9.99e-06  |g|= 0.00134  |ddm|= 0.00663
  HOMO = -0.224083871583721  LUMO = 0.375344307074782
cycle= 7 E= -641.46059924598  delta_E= -9.72e-07  |g|= 0.000352  |ddm|= 0.00236
  HOMO = -0.224063334554347  LUMO = 0.375376361358967
cycle= 8 E= -641.460599313644  delta_E= -6.77e-08  |g|= 0.000105  |ddm|= 0.000661
  HOMO = -0.22407906775672  LUMO = 0.375373734124925
cycle= 9 E= -641.460599318113  delta_E= -4.47e-09  |g|= 4.49e-05  |ddm|= 0.000179
  HOMO = -0.22408332858061  LUMO = 0.375372611983152
cycle= 10 E= -641.460599318643  delta_E= -5.3e-10  |g|= 1.09e-05  |ddm|= 5.01e-05
  HOMO = -0.224082683108841  LUMO = 0.375373715111754
Extra cycle  E= -641.460599318685  delta_E= -4.18e-11  |g|= 6.18e-06  |ddm|= 1.68e-05
converged SCF energy = -641.460599318685

System and Method:
[('P', (-0.533539, 0.071693, -0.008086)), ('O', (-1.776713, 0.209778, -0.824715)), ('O', (0.063587, -1.471821, -0.285708)), ('O', (-0.424018, 0.361892, 1.472122)), ('H', (1.113142, 1.404408, 0.063304)), ('O', (0.718604, 0.967968, -0.707798)), ('H', (0.838937, -1.543918, 0.290881))]
Basis set                                      :    6-31g(d)
Number of Orbitals                             :        78
Number of electrons                            :        50
Number of alpha electrons                      :        25
Number of beta electrons                       :        25
Nuclear Repulsion                              :  263.831353431009 
Electronic SCF energy                          : -905.291952749694 
SCF Energy                                     : -641.460599318684899
 AO->MO
Manual HF energy =  -641.460599318685809
******** < Constructing Hamiltonian in active space > ********
Number of frozen orbitals =  9
 NElectrons:   16   16
 ecore: -734.44140627
Manual HF energy =  -641.460599318685922
One-body =  -323.9278383416
Two-body =   153.0772918626
 HF Energy:  -641.460599318685922
MO energies:
[-79.88072566 -20.39377243 -20.39180848 -20.30277028 -20.29654561
  -7.40294036  -5.30161008  -5.3009542   -5.30006027  -1.20854114
  -1.15550836  -1.08443806  -1.05191944  -0.58843131  -0.50942324
  -0.46732151  -0.42196802  -0.40490364  -0.35063785  -0.34137055
  -0.3135458   -0.27166947  -0.2532936   -0.23956819  -0.22408268
   0.37537372   0.42311513   0.49175571   0.52021403   0.54306354
   0.58837408   0.68996578   0.71166434   0.76090811   0.85242662
   1.06449515   1.09628386   1.2207853    1.23821969   1.28489066
   1.31096759   1.36639011   1.38978799   1.43218878   1.46560041
   1.49130322   1.51556527   1.53215305   1.5749554    1.59077443
   1.66589696   1.69220019   1.72129422   1.75462498   1.95706787
   1.97661385   2.08065347   2.20720761   2.21788882   2.22599194
   2.24829347   2.27105496   2.29229163   2.32724255   2.33730294
   2.34498395   2.3684316    2.53128297   2.61104195   2.6645712
   2.74894584   2.79431174   2.88830617   2.9139792    3.03651363
   3.12524805   3.36433974   3.41261654]
E(MP2) = -642.307710760922  E_corr = -0.847111442236723
E(SCS-MP2) = -642.271497835722  E_corr = -0.810898517037272
Canonical MP2 Energy (a.u.):-642.3077107609216228

******** <class 'pyscf.cc.uccsd.UCCSD'> ********
CC2 = 0
CCSD nocc = (16, 16), nmo = (69, 69)
frozen orbitals 9
max_cycle = 50
direct = 0
conv_tol = 1e-07
conv_tol_normt = 1e-06
diis_space = 6
diis_start_cycle = 0
diis_start_energy_diff = 1e+09
max_memory 8000 MB (current use 6116 MB)
Init t2, MP2 energy = -0.829678594109832
Init E_corr(UCCSD) = -0.829678594121691
cycle = 1  E_corr(UCCSD) = -0.816807181161051  dE = 0.012871413  norm(t1,t2) = 0.114614
cycle = 2  E_corr(UCCSD) = -0.837679813037749  dE = -0.0208726319  norm(t1,t2) = 0.0327934
cycle = 3  E_corr(UCCSD) = -0.837569008716814  dE = 0.000110804321  norm(t1,t2) = 0.018544
cycle = 4  E_corr(UCCSD) = -0.840582979414033  dE = -0.0030139707  norm(t1,t2) = 0.00691463
cycle = 5  E_corr(UCCSD) = -0.840632894993616  dE = -4.99155796e-05  norm(t1,t2) = 0.00130905
cycle = 6  E_corr(UCCSD) = -0.840524952445412  dE = 0.000107942548  norm(t1,t2) = 0.000504898
cycle = 7  E_corr(UCCSD) = -0.840512985767557  dE = 1.19666779e-05  norm(t1,t2) = 0.00012432
cycle = 8  E_corr(UCCSD) = -0.840515602621846  dE = -2.61685429e-06  norm(t1,t2) = 4.85033e-05
cycle = 9  E_corr(UCCSD) = -0.840517110115599  dE = -1.50749375e-06  norm(t1,t2) = 2.00226e-05
cycle = 10  E_corr(UCCSD) = -0.840516901013369  dE = 2.0910223e-07  norm(t1,t2) = 5.83579e-06
cycle = 11  E_corr(UCCSD) = -0.840516839196767  dE = 6.18166017e-08  norm(t1,t2) = 2.63388e-06
cycle = 12  E_corr(UCCSD) = -0.840516829265493  dE = 9.93127403e-09  norm(t1,t2) = 1.08653e-06
cycle = 13  E_corr(UCCSD) = -0.840516828164068  dE = 1.10142528e-09  norm(t1,t2) = 3.61749e-07
UCCSD converged
E(UCCSD) = -642.3011161468489  E_corr = -0.8405168281640679
Size of the active space:  22
 Rotate orbitals
One-body =  -323.9278383416
Two-body =   153.0772918626
 New HF Energy:  -641.460599318685922
Manual CCSD E_corr = -0.8405168281640681
