 ---------------------------------------------------------
                                                          
                      Using Pyscf:
                                                          
 ---------------------------------------------------------
                                                          


******** <class 'pyscf.scf.hf.RHF'> ********
method = RHF
initial guess = atom
damping factor = 0
level_shift factor = 0
DIIS = <class 'pyscf.scf.diis.CDIIS'>
diis_start_cycle = 1
diis_space = 8
diis_damp = 0
SCF conv_tol = 1e-09
SCF conv_tol_grad = None
SCF max_cycles = 1000
direct_scf = True
direct_scf_tol = 1e-13
chkfile to save SCF result = /localscratch/2945220/tmp0o2ko0oi
max_memory 8000 MB (current use 243 MB)
Set gradient conv threshold to 3.16228e-05
Initial guess from superposition of atomic densities.
init E= -641.893360547225
  HOMO = -0.479742646302176  LUMO = -0.0353739909812619
cycle= 1 E= -641.199883988881  delta_E= 0.693  |g|= 1.11  |ddm|= 2.72
  HOMO = -0.169760055345731  LUMO = 0.304566176440149
cycle= 2 E= -641.331524174865  delta_E= -0.132  |g|= 0.726  |ddm|= 1.17
  HOMO = -0.256748319016405  LUMO = 0.317125479740663
cycle= 3 E= -641.430259210763  delta_E= -0.0987  |g|= 0.0521  |ddm|= 0.512
  HOMO = -0.25477275240584  LUMO = 0.316945849682954
cycle= 4 E= -641.431021185324  delta_E= -0.000762  |g|= 0.02  |ddm|= 0.0606
  HOMO = -0.256127107131054  LUMO = 0.317312266632433
cycle= 5 E= -641.431130034908  delta_E= -0.000109  |g|= 0.00476  |ddm|= 0.0207
  HOMO = -0.256213606448147  LUMO = 0.317422573759221
cycle= 6 E= -641.431139200471  delta_E= -9.17e-06  |g|= 0.00174  |ddm|= 0.00655
  HOMO = -0.256364697349467  LUMO = 0.317350014324191
cycle= 7 E= -641.431140375109  delta_E= -1.17e-06  |g|= 0.000761  |ddm|= 0.00227
  HOMO = -0.25645470693159  LUMO = 0.317337584265185
cycle= 8 E= -641.431140581104  delta_E= -2.06e-07  |g|= 0.00015  |ddm|= 0.000898
  HOMO = -0.256453832826462  LUMO = 0.317357247145535
cycle= 9 E= -641.43114059467  delta_E= -1.36e-08  |g|= 3.83e-05  |ddm|= 0.000292
  HOMO = -0.256462319329827  LUMO = 0.317349619992216
cycle= 10 E= -641.43114059571  delta_E= -1.04e-09  |g|= 1.22e-05  |ddm|= 7.92e-05
  HOMO = -0.256461125208075  LUMO = 0.317350876441775
cycle= 11 E= -641.431140595843  delta_E= -1.33e-10  |g|= 4.98e-06  |ddm|= 2.78e-05
  HOMO = -0.256461475355368  LUMO = 0.317350546162233
Extra cycle  E= -641.431140595862  delta_E= -1.93e-11  |g|= 2.81e-06  |ddm|= 8.2e-06
converged SCF energy = -641.431140595862

System and Method:
[('P', (-1.03422, -0.234256, 0.672434)), ('O', (-1.004065, 0.890081, -0.334695)), ('O', (-0.003166, -1.329504, 0.557597)), ('O', (-2.065823, -0.232403, 1.765329)), ('H', (0.881055, 0.866924, -1.063283)), ('O', (1.748944, 0.417505, -1.047631)), ('H', (1.477276, -0.378346, -0.54975))]
Basis set                                      :    6-31g(d)
Number of Orbitals                             :        78
Number of electrons                            :        50
Number of alpha electrons                      :        25
Number of beta electrons                       :        25
Nuclear Repulsion                              :  238.486266080860 
Electronic SCF energy                          : -879.917406676722 
SCF Energy                                     : -641.431140595862189
 AO->MO
Manual HF energy =  -641.431140595862189
******** < Constructing Hamiltonian in active space > ********
Number of frozen orbitals =  9
 NElectrons:   16   16
 ecore: -718.33558373
Manual HF energy =  -641.431140595862075
One-body =  -305.1686866177
Two-body =   143.5868636732
 HF Energy:  -641.431140595861734
MO energies:
[-79.89364628 -20.36781213 -20.36609701 -20.36316459 -20.36141707
  -7.42557793  -5.32528194  -5.32094885  -5.32093993  -1.18559449
  -1.14868377  -1.10264022  -1.09958312  -0.53107847  -0.50244497
  -0.43054426  -0.4176154   -0.40777012  -0.39363988  -0.31871435
  -0.31481646  -0.31423904  -0.28923342  -0.28442193  -0.25646148
   0.31735055   0.33226192   0.47218539   0.48957726   0.52837514
   0.57715012   0.59922344   0.67580121   0.8108265    0.84501445
   1.09263555   1.09573995   1.15865083   1.22860847   1.25400737
   1.28311631   1.34059115   1.34298694   1.42337909   1.42660014
   1.4413464    1.48237548   1.48763971   1.54051415   1.54782375
   1.58563726   1.66479521   1.68268594   1.78690542   1.87293676
   1.98102407   1.99049891   2.09102481   2.20672275   2.22281723
   2.24546917   2.2518027    2.27374417   2.28081863   2.28522597
   2.30781988   2.30927419   2.3615172    2.46893533   2.59062609
   2.60926816   2.80621161   2.81564116   2.83017486   3.11091155
   3.19469168   3.35111969   3.35821583]
E(MP2) = -642.291664740347  E_corr = -0.860524144484374
E(SCS-MP2) = -642.254979791834  E_corr = -0.823839195972084
Canonical MP2 Energy (a.u.):-642.2916647403466186

******** <class 'pyscf.cc.uccsd.UCCSD'> ********
CC2 = 0
CCSD nocc = (16, 16), nmo = (69, 69)
frozen orbitals 9
max_cycle = 50
direct = 0
conv_tol = 1e-07
conv_tol_normt = 1e-06
diis_space = 6
diis_start_cycle = 0
diis_start_energy_diff = 1e+09
max_memory 8000 MB (current use 6110 MB)
Init t2, MP2 energy = -0.843965150791382
Init E_corr(UCCSD) = -0.843965150795595
cycle = 1  E_corr(UCCSD) = -0.822412119221057  dE = 0.0215530316  norm(t1,t2) = 0.136582
cycle = 2  E_corr(UCCSD) = -0.848608156668771  dE = -0.0261960374  norm(t1,t2) = 0.0437937
cycle = 3  E_corr(UCCSD) = -0.847024511235679  dE = 0.00158364543  norm(t1,t2) = 0.0263122
cycle = 4  E_corr(UCCSD) = -0.850459095246691  dE = -0.00343458401  norm(t1,t2) = 0.00890288
cycle = 5  E_corr(UCCSD) = -0.850499540403302  dE = -4.04451566e-05  norm(t1,t2) = 0.00142585
cycle = 6  E_corr(UCCSD) = -0.85037155487885  dE = 0.000127985524  norm(t1,t2) = 0.000547316
cycle = 7  E_corr(UCCSD) = -0.850354914506338  dE = 1.66403725e-05  norm(t1,t2) = 0.000127871
cycle = 8  E_corr(UCCSD) = -0.850358873609766  dE = -3.95910343e-06  norm(t1,t2) = 5.01323e-05
cycle = 9  E_corr(UCCSD) = -0.850360304498693  dE = -1.43088893e-06  norm(t1,t2) = 2.03731e-05
cycle = 10  E_corr(UCCSD) = -0.850359769576032  dE = 5.34922661e-07  norm(t1,t2) = 6.93698e-06
cycle = 11  E_corr(UCCSD) = -0.850359871634817  dE = -1.02058785e-07  norm(t1,t2) = 3.2238e-06
cycle = 12  E_corr(UCCSD) = -0.850359838028204  dE = 3.36066133e-08  norm(t1,t2) = 1.33063e-06
cycle = 13  E_corr(UCCSD) = -0.850359824973595  dE = 1.30546088e-08  norm(t1,t2) = 5.62767e-07
UCCSD converged
E(UCCSD) = -642.2815004208358  E_corr = -0.8503598249735947
Size of the active space:  22
 Rotate orbitals
One-body =  -305.1686866177
Two-body =   143.5868636732
 New HF Energy:  -641.431140595861734
Manual CCSD E_corr = -0.8503598249735923
Shape of fmat =  (138, 138)
a:  -0.007046554879671333
b:  -0.007046554879671336
a:  -0.006966690075855035
b:  -0.006966690075855038
