 ---------------------------------------------------------
                                                          
                      Using Pyscf:
                                                          
 ---------------------------------------------------------
                                                          


******** <class 'pyscf.scf.hf.RHF'> ********
method = RHF
initial guess = atom
damping factor = 0
level_shift factor = 0
DIIS = <class 'pyscf.scf.diis.CDIIS'>
diis_start_cycle = 1
diis_space = 8
diis_damp = 0
SCF conv_tol = 1e-09
SCF conv_tol_grad = None
SCF max_cycles = 1000
direct_scf = True
direct_scf_tol = 1e-13
chkfile to save SCF result = /localscratch/2945277/tmpgd2ffver
max_memory 8000 MB (current use 252 MB)
Set gradient conv threshold to 3.16228e-05
Initial guess from superposition of atomic densities.
init E= -642.141919085018
  HOMO = -0.467964060233972  LUMO = -0.00376489580146256
cycle= 1 E= -641.160875958399  delta_E= 0.981  |g|= 1.09  |ddm|= 2.77
  HOMO = -0.134851758889105  LUMO = 0.354884747066178
cycle= 2 E= -641.294380575083  delta_E= -0.134  |g|= 0.693  |ddm|= 1.21
  HOMO = -0.23498879111591  LUMO = 0.360258328145563
cycle= 3 E= -641.383680938964  delta_E= -0.0893  |g|= 0.0582  |ddm|= 0.493
  HOMO = -0.236847485174888  LUMO = 0.361370734771907
cycle= 4 E= -641.384599990631  delta_E= -0.000919  |g|= 0.0235  |ddm|= 0.0705
  HOMO = -0.238576911649505  LUMO = 0.36291176961756
cycle= 5 E= -641.384749552155  delta_E= -0.00015  |g|= 0.00572  |ddm|= 0.0266
  HOMO = -0.238333473176525  LUMO = 0.362830167178794
cycle= 6 E= -641.384763099143  delta_E= -1.35e-05  |g|= 0.00169  |ddm|= 0.00768
  HOMO = -0.238753731685854  LUMO = 0.36271449603636
cycle= 7 E= -641.384765022402  delta_E= -1.92e-06  |g|= 0.000609  |ddm|= 0.00337
  HOMO = -0.238792184174898  LUMO = 0.36276702449045
cycle= 8 E= -641.384765224455  delta_E= -2.02e-07  |g|= 0.000266  |ddm|= 0.00109
  HOMO = -0.238795148828435  LUMO = 0.36277124424808
cycle= 9 E= -641.384765258097  delta_E= -3.36e-08  |g|= 8.69e-05  |ddm|= 0.000452
  HOMO = -0.238809605354535  LUMO = 0.362766300386195
cycle= 10 E= -641.384765262843  delta_E= -4.75e-09  |g|= 2.35e-05  |ddm|= 0.000197
  HOMO = -0.238806983437295  LUMO = 0.362768469438323
cycle= 11 E= -641.384765263312  delta_E= -4.69e-10  |g|= 7.49e-06  |ddm|= 6.72e-05
  HOMO = -0.238806901876896  LUMO = 0.362767899213776
Extra cycle  E= -641.384765263348  delta_E= -3.57e-11  |g|= 4.03e-06  |ddm|= 1.35e-05
converged SCF energy = -641.384765263348

System and Method:
[('P', (-0.797524, -0.128443, 0.196179)), ('O', (-1.846609, 0.103277, -0.844804)), ('O', (0.077717, -1.437926, 0.073835)), ('O', (-0.819464, 0.519899, 1.54839)), ('H', (1.448933, 1.009041, 0.069249)), ('O', (1.005135, 0.553887, -0.665461)), ('H', (0.931811, -0.619736, -0.377388))]
Basis set                                      :    6-31g(d)
Number of Orbitals                             :        78
Number of electrons                            :        50
Number of alpha electrons                      :        25
Number of beta electrons                       :        25
Nuclear Repulsion                              :  257.914721667039 
Electronic SCF energy                          : -899.299486930386 
SCF Energy                                     : -641.384765263347504
 AO->MO
Manual HF energy =  -641.384765263346253
******** < Constructing Hamiltonian in active space > ********
Number of frozen orbitals =  9
 NElectrons:   16   16
 ecore: -730.14256040
Manual HF energy =  -641.384765263346026
One-body =  -320.5109609275
Two-body =   151.3540343949
 HF Energy:  -641.384765263346026
MO energies:
[-79.89632293 -20.40100954 -20.35717067 -20.33634507 -20.33341463
  -7.42216172  -5.32162048  -5.31836146  -5.31799495  -1.20348907
  -1.13478668  -1.09314195  -1.07880288  -0.55741848  -0.52545826
  -0.44201963  -0.40821405  -0.39482477  -0.39063321  -0.31165546
  -0.29817317  -0.29046239  -0.2720332   -0.26152909  -0.2388069
   0.3627679    0.39557003   0.43384506   0.52507621   0.5385711
   0.55319896   0.66598298   0.70639722   0.79366617   0.83045354
   1.02443334   1.08482544   1.1050096    1.21792915   1.25523845
   1.27430537   1.30914593   1.39409504   1.43042283   1.46114582
   1.48254615   1.4922777    1.52081246   1.5435714    1.58550922
   1.63119914   1.66499822   1.71087531   1.71863631   1.9532417
   2.02602091   2.04476281   2.19352713   2.23442783   2.25557286
   2.26480297   2.27759523   2.28136669   2.30600336   2.30686317
   2.31785315   2.38642398   2.45154935   2.5522765    2.56858891
   2.62714666   2.80462861   2.84489509   2.86473989   3.06464001
   3.19416347   3.34481006   3.38577689]
E(MP2) = -642.257862071688  E_corr = -0.873096808340986
E(SCS-MP2) = -642.218647775488  E_corr = -0.833882512140314
Canonical MP2 Energy (a.u.):-642.2578620716884643

******** <class 'pyscf.cc.uccsd.UCCSD'> ********
CC2 = 0
CCSD nocc = (16, 16), nmo = (69, 69)
frozen orbitals 9
max_cycle = 50
direct = 0
conv_tol = 1e-07
conv_tol_normt = 1e-06
diis_space = 6
diis_start_cycle = 0
diis_start_energy_diff = 1e+09
max_memory 8000 MB (current use 6120 MB)
Init t2, MP2 energy = -0.856256768092748
Init E_corr(UCCSD) = -0.85625676809965
cycle = 1  E_corr(UCCSD) = -0.831250982268142  dE = 0.0250057858  norm(t1,t2) = 0.132594
cycle = 2  E_corr(UCCSD) = -0.857097711568301  dE = -0.0258467293  norm(t1,t2) = 0.0400615
cycle = 3  E_corr(UCCSD) = -0.855823940843665  dE = 0.00127377072  norm(t1,t2) = 0.0234103
cycle = 4  E_corr(UCCSD) = -0.859129289514116  dE = -0.00330534867  norm(t1,t2) = 0.00847294
cycle = 5  E_corr(UCCSD) = -0.859239167428617  dE = -0.000109877915  norm(t1,t2) = 0.00163378
cycle = 6  E_corr(UCCSD) = -0.859106426350918  dE = 0.000132741078  norm(t1,t2) = 0.000655259
cycle = 7  E_corr(UCCSD) = -0.859087990801936  dE = 1.8435549e-05  norm(t1,t2) = 0.00017961
cycle = 8  E_corr(UCCSD) = -0.85909523609209  dE = -7.24529015e-06  norm(t1,t2) = 7.12467e-05
cycle = 9  E_corr(UCCSD) = -0.859097030012963  dE = -1.79392087e-06  norm(t1,t2) = 2.92507e-05
cycle = 10  E_corr(UCCSD) = -0.859096723335956  dE = 3.06677007e-07  norm(t1,t2) = 8.96069e-06
cycle = 11  E_corr(UCCSD) = -0.859096623659882  dE = 9.96760741e-08  norm(t1,t2) = 3.49662e-06
cycle = 12  E_corr(UCCSD) = -0.859096513895003  dE = 1.09764879e-07  norm(t1,t2) = 1.42974e-06
cycle = 13  E_corr(UCCSD) = -0.859096474406951  dE = 3.94880516e-08  norm(t1,t2) = 5.28394e-07
UCCSD converged
E(UCCSD) = -642.2438617377544  E_corr = -0.8590964744069515
Size of the active space:  22
 Rotate orbitals
One-body =  -320.5109609275
Two-body =   151.3540343949
 New HF Energy:  -641.384765263346026
Manual CCSD E_corr = -0.8590964744069484
a:  -0.0775670618932161
b:  -0.07756706189321613
a:  -0.07668886430080496
b:  -0.07668886430080499
