 ---------------------------------------------------------
                                                          
                      Using Pyscf:
                                                          
 ---------------------------------------------------------
                                                          


******** <class 'pyscf.scf.hf.RHF'> ********
method = RHF
initial guess = atom
damping factor = 0
level_shift factor = 0
DIIS = <class 'pyscf.scf.diis.CDIIS'>
diis_start_cycle = 1
diis_space = 8
diis_damp = 0
SCF conv_tol = 1e-09
SCF conv_tol_grad = None
SCF max_cycles = 1000
direct_scf = True
direct_scf_tol = 1e-13
chkfile to save SCF result = /localscratch/2959417/tmpgqx6agvf
max_memory 8000 MB (current use 252 MB)
Set gradient conv threshold to 3.16228e-05
Initial guess from superposition of atomic densities.
init E= -641.908351808041
  HOMO = -0.479128320971468  LUMO = -0.0366306436899256
cycle= 1 E= -641.196266486573  delta_E= 0.712  |g|= 1.12  |ddm|= 2.73
  HOMO = -0.167792253573793  LUMO = 0.303481717025334
cycle= 2 E= -641.328366765479  delta_E= -0.132  |g|= 0.73  |ddm|= 1.18
  HOMO = -0.255058291310973  LUMO = 0.314959242334953
cycle= 3 E= -641.428253828946  delta_E= -0.0999  |g|= 0.0514  |ddm|= 0.517
  HOMO = -0.253477217472683  LUMO = 0.31485465492788
cycle= 4 E= -641.429019572718  delta_E= -0.000766  |g|= 0.0194  |ddm|= 0.0616
  HOMO = -0.254796423277395  LUMO = 0.31530947571511
cycle= 5 E= -641.429122458245  delta_E= -0.000103  |g|= 0.00474  |ddm|= 0.0201
  HOMO = -0.254870419085045  LUMO = 0.315421025734661
cycle= 6 E= -641.429131746649  delta_E= -9.29e-06  |g|= 0.0017  |ddm|= 0.00659
  HOMO = -0.255026329724722  LUMO = 0.315337864005982
cycle= 7 E= -641.429132923397  delta_E= -1.18e-06  |g|= 0.000765  |ddm|= 0.00232
  HOMO = -0.255116959480082  LUMO = 0.315329171148128
cycle= 8 E= -641.429133139025  delta_E= -2.16e-07  |g|= 0.000169  |ddm|= 0.000921
  HOMO = -0.255115789562252  LUMO = 0.315350678053426
cycle= 9 E= -641.429133157598  delta_E= -1.86e-08  |g|= 4.74e-05  |ddm|= 0.000345
  HOMO = -0.255125031802262  LUMO = 0.31534210990876
cycle= 10 E= -641.429133159467  delta_E= -1.87e-09  |g|= 1.67e-05  |ddm|= 0.000108
  HOMO = -0.255123248506892  LUMO = 0.315343733808302
cycle= 11 E= -641.429133159748  delta_E= -2.81e-10  |g|= 6.15e-06  |ddm|= 4.26e-05
  HOMO = -0.255123719869143  LUMO = 0.31534332874841
Extra cycle  E= -641.429133159774  delta_E= -2.59e-11  |g|= 3.51e-06  |ddm|= 1.01e-05
converged SCF energy = -641.429133159774

System and Method:
[('P', (-1.034044, -0.248299, 0.587158)), ('O', (-1.225837, 0.712669, -0.559145)), ('O', (-0.040731, -1.37601, 0.425714)), ('O', (-1.782346, -0.07036, 1.872303)), ('H', (0.96179, 0.97704, -0.875055)), ('O', (1.760535, 0.421325, -0.882507)), ('H', (1.360632, -0.416365, -0.568468))]
Basis set                                      :    6-31g(d)
Number of Orbitals                             :        78
Number of electrons                            :        50
Number of alpha electrons                      :        25
Number of beta electrons                       :        25
Nuclear Repulsion                              :  239.737730062573 
Electronic SCF energy                          : -881.166863222347 
SCF Energy                                     : -641.429133159773755
 AO->MO
Manual HF energy =  -641.429133159772391
******** < Constructing Hamiltonian in active space > ********
Number of frozen orbitals =  9
 NElectrons:   16   16
 ecore: -719.15745661
Manual HF energy =  -641.429133159772391
One-body =  -305.9800387440
Two-body =   143.9706321352
 HF Energy:  -641.429133159772391
MO energies:
[-79.89167896 -20.37602832 -20.36348275 -20.3625838  -20.36131101
  -7.42391302  -5.32361436  -5.31931362  -5.31918847  -1.1856188
  -1.15655596  -1.10090026  -1.10018425  -0.53000371  -0.51069912
  -0.43384164  -0.4182709   -0.41310006  -0.38741363  -0.32231671
  -0.31818347  -0.31613635  -0.28711428  -0.28392734  -0.25512372
   0.31534333   0.33558252   0.46101514   0.49201374   0.52799543
   0.57401916   0.61202886   0.68888177   0.8123545    0.84120627
   1.09319802   1.09667668   1.15286789   1.2247493    1.25604044
   1.27846175   1.33385098   1.33925473   1.41257109   1.43790992
   1.45952075   1.47712649   1.48966853   1.52629651   1.54253852
   1.59408419   1.67670324   1.69096656   1.74054371   1.8698293
   1.97583625   1.99397413   2.09345162   2.20197503   2.21551274
   2.24062699   2.25099238   2.27504402   2.2918349    2.29364448
   2.30288323   2.32698501   2.34204408   2.47104681   2.59254872
   2.61378331   2.80594016   2.81802991   2.83374146   3.10592846
   3.1954639    3.35522035   3.35614772]
E(MP2) = -642.289665542999  E_corr = -0.860532383225073
E(SCS-MP2) = -642.252965219385  E_corr = -0.823832059611343
Canonical MP2 Energy (a.u.):-642.2896655429988186

******** <class 'pyscf.cc.uccsd.UCCSD'> ********
CC2 = 0
CCSD nocc = (16, 16), nmo = (69, 69)
frozen orbitals 9
max_cycle = 50
direct = 0
conv_tol = 1e-07
conv_tol_normt = 1e-06
diis_space = 6
diis_start_cycle = 0
diis_start_energy_diff = 1e+09
max_memory 8000 MB (current use 6116 MB)
Init t2, MP2 energy = -0.843955014266043
Init E_corr(UCCSD) = -0.843955014272256
cycle = 1  E_corr(UCCSD) = -0.822424555527592  dE = 0.0215304587  norm(t1,t2) = 0.136222
cycle = 2  E_corr(UCCSD) = -0.848553619887463  dE = -0.0261290644  norm(t1,t2) = 0.0435296
cycle = 3  E_corr(UCCSD) = -0.846995358666679  dE = 0.00155826122  norm(t1,t2) = 0.0261003
cycle = 4  E_corr(UCCSD) = -0.850414444265502  dE = -0.0034190856  norm(t1,t2) = 0.00884497
cycle = 5  E_corr(UCCSD) = -0.850457906740277  dE = -4.34624748e-05  norm(t1,t2) = 0.00143864
cycle = 6  E_corr(UCCSD) = -0.850329997966685  dE = 0.000127908774  norm(t1,t2) = 0.000549187
cycle = 7  E_corr(UCCSD) = -0.850313224515744  dE = 1.67734509e-05  norm(t1,t2) = 0.000131455
cycle = 8  E_corr(UCCSD) = -0.850317236791235  dE = -4.01227549e-06  norm(t1,t2) = 5.09667e-05
cycle = 9  E_corr(UCCSD) = -0.850318742379623  dE = -1.50558839e-06  norm(t1,t2) = 2.23526e-05
cycle = 10  E_corr(UCCSD) = -0.850318175355194  dE = 5.6702443e-07  norm(t1,t2) = 7.62473e-06
cycle = 11  E_corr(UCCSD) = -0.850318281758919  dE = -1.06403725e-07  norm(t1,t2) = 3.62599e-06
cycle = 12  E_corr(UCCSD) = -0.85031824638413  dE = 3.53747887e-08  norm(t1,t2) = 1.55496e-06
cycle = 13  E_corr(UCCSD) = -0.850318232288067  dE = 1.40960632e-08  norm(t1,t2) = 6.83147e-07
UCCSD converged
E(UCCSD) = -642.2794513920618  E_corr = -0.850318232288067
Size of the active space:  22
 Rotate orbitals
One-body =  -305.9800387440
Two-body =   143.9706321352
 New HF Energy:  -641.429133159772391
Manual CCSD E_corr = -0.8503182322880686
