 ---------------------------------------------------------
                                                          
                      Using Pyscf:
                                                          
 ---------------------------------------------------------
                                                          


******** <class 'pyscf.scf.hf.RHF'> ********
method = RHF
initial guess = atom
damping factor = 0
level_shift factor = 0
DIIS = <class 'pyscf.scf.diis.CDIIS'>
diis_start_cycle = 1
diis_space = 8
diis_damp = 0
SCF conv_tol = 1e-09
SCF conv_tol_grad = None
SCF max_cycles = 1000
direct_scf = True
direct_scf_tol = 1e-13
chkfile to save SCF result = /localscratch/2959477/tmptsvenjet
max_memory 8000 MB (current use 252 MB)
Set gradient conv threshold to 3.16228e-05
Initial guess from superposition of atomic densities.
init E= -641.998072558242
  HOMO = -0.477960248115931  LUMO = -0.0267679498706925
cycle= 1 E= -641.182519480113  delta_E= 0.816  |g|= 1.11  |ddm|= 2.75
  HOMO = -0.142543620609863  LUMO = 0.330911520125769
cycle= 2 E= -641.316210025555  delta_E= -0.134  |g|= 0.72  |ddm|= 1.21
  HOMO = -0.235753335242586  LUMO = 0.33662479963192
cycle= 3 E= -641.41319831368  delta_E= -0.097  |g|= 0.0545  |ddm|= 0.514
  HOMO = -0.237265668887828  LUMO = 0.33485156499352
cycle= 4 E= -641.414115295644  delta_E= -0.000917  |g|= 0.0203  |ddm|= 0.069
  HOMO = -0.238291714732743  LUMO = 0.335527906768632
cycle= 5 E= -641.414233599776  delta_E= -0.000118  |g|= 0.0058  |ddm|= 0.0227
  HOMO = -0.238257412914552  LUMO = 0.335633619759688
cycle= 6 E= -641.414247110055  delta_E= -1.35e-05  |g|= 0.00188  |ddm|= 0.00773
  HOMO = -0.238515306493149  LUMO = 0.335478630424224
cycle= 7 E= -641.414248952588  delta_E= -1.84e-06  |g|= 0.000861  |ddm|= 0.00316
  HOMO = -0.238614886735703  LUMO = 0.335478945478776
cycle= 8 E= -641.414249246807  delta_E= -2.94e-07  |g|= 0.000238  |ddm|= 0.00115
  HOMO = -0.238605814358176  LUMO = 0.335504660032137
cycle= 9 E= -641.414249282591  delta_E= -3.58e-08  |g|= 6.57e-05  |ddm|= 0.000496
  HOMO = -0.238617579341923  LUMO = 0.335496027650693
cycle= 10 E= -641.414249286156  delta_E= -3.57e-09  |g|= 2.2e-05  |ddm|= 0.000157
  HOMO = -0.238615488224379  LUMO = 0.335497674720813
cycle= 11 E= -641.414249286561  delta_E= -4.05e-10  |g|= 9.95e-06  |ddm|= 5.21e-05
  HOMO = -0.238615408148455  LUMO = 0.335497615021483
Extra cycle  E= -641.414249286598  delta_E= -3.76e-11  |g|= 6.79e-06  |ddm|= 1.44e-05
converged SCF energy = -641.414249286598

System and Method:
[('P', (-0.952384, -0.258279, 0.280195)), ('O', (-1.894606, 0.109416, -0.821283)), ('O', (-0.072793, -1.498874, 0.155638)), ('O', (-0.881767, 0.518207, 1.569324)), ('H', (1.452532, 0.993799, 0.067814)), ('O', (1.264141, 0.537728, -0.765747)), ('H', (1.084877, -0.401997, -0.48594))]
Basis set                                      :    6-31g(d)
Number of Orbitals                             :        78
Number of electrons                            :        50
Number of alpha electrons                      :        25
Number of beta electrons                       :        25
Nuclear Repulsion                              :  248.980075773226 
Electronic SCF energy                          : -890.394325059824 
SCF Energy                                     : -641.414249286598192
 AO->MO
Manual HF energy =  -641.414249286602626
******** < Constructing Hamiltonian in active space > ********
Number of frozen orbitals =  9
 NElectrons:   16   16
 ecore: -724.79100878
Manual HF energy =  -641.414249286602399
One-body =  -313.3074424303
Two-body =   147.7041261516
 HF Energy:  -641.414249286602399
MO energies:
[-79.88100345 -20.40644914 -20.34691092 -20.34532271 -20.34336213
  -7.41184196  -5.31161983  -5.30723652  -5.3071568   -1.19510595
  -1.16116632  -1.08563697  -1.08355414  -0.55544542  -0.51604479
  -0.44221213  -0.40490385  -0.40242546  -0.38857918  -0.32686029
  -0.30628858  -0.30135019  -0.27326107  -0.26814676  -0.23861541
   0.33549762   0.37068972   0.41993835   0.51291566   0.53355182
   0.57642301   0.64752808   0.74450637   0.8229697    0.8406157
   1.09359588   1.09873828   1.1405327    1.21067321   1.26083131
   1.27486303   1.30137284   1.35838043   1.44240478   1.45673048
   1.47258872   1.4799733    1.52338403   1.55001661   1.55985749
   1.61278845   1.63778371   1.70857645   1.7150093    1.87296288
   2.01241799   2.01936643   2.16414716   2.20917187   2.22249127
   2.26475926   2.27068      2.28146543   2.29183255   2.29956893
   2.31300302   2.34240699   2.3717208    2.51937882   2.60012055
   2.62939558   2.8177244    2.83348721   2.84827538   3.10963584
   3.23969205   3.36937296   3.37306851]
E(MP2) = -642.277292773553  E_corr = -0.863043486955288
E(SCS-MP2) = -642.239935315004  E_corr = -0.825686028406295
Canonical MP2 Energy (a.u.):-642.2772927735534267

******** <class 'pyscf.cc.uccsd.UCCSD'> ********
CC2 = 0
CCSD nocc = (16, 16), nmo = (69, 69)
frozen orbitals 9
max_cycle = 50
direct = 0
conv_tol = 1e-07
conv_tol_normt = 1e-06
diis_space = 6
diis_start_cycle = 0
diis_start_energy_diff = 1e+09
max_memory 8000 MB (current use 6116 MB)
Init t2, MP2 energy = -0.846403967184252
Init E_corr(UCCSD) = -0.846403967199319
cycle = 1  E_corr(UCCSD) = -0.824303636161502  dE = 0.022100331  norm(t1,t2) = 0.135347
cycle = 2  E_corr(UCCSD) = -0.850242037468152  dE = -0.0259384013  norm(t1,t2) = 0.0423626
cycle = 3  E_corr(UCCSD) = -0.848801895996838  dE = 0.00144014147  norm(t1,t2) = 0.0253261
cycle = 4  E_corr(UCCSD) = -0.8521991008981  dE = -0.0033972049  norm(t1,t2) = 0.00879946
cycle = 5  E_corr(UCCSD) = -0.852260663540173  dE = -6.15626421e-05  norm(t1,t2) = 0.00151579
cycle = 6  E_corr(UCCSD) = -0.852130159022421  dE = 0.000130504518  norm(t1,t2) = 0.000583279
cycle = 7  E_corr(UCCSD) = -0.852112751123867  dE = 1.74078986e-05  norm(t1,t2) = 0.000156468
cycle = 8  E_corr(UCCSD) = -0.852118083125755  dE = -5.33200189e-06  norm(t1,t2) = 5.70882e-05
cycle = 9  E_corr(UCCSD) = -0.85211965239266  dE = -1.5692669e-06  norm(t1,t2) = 2.69491e-05
cycle = 10  E_corr(UCCSD) = -0.852119206240735  dE = 4.46151925e-07  norm(t1,t2) = 8.4723e-06
cycle = 11  E_corr(UCCSD) = -0.852119243164423  dE = -3.69236874e-08  norm(t1,t2) = 3.89744e-06
cycle = 12  E_corr(UCCSD) = -0.852119120472621  dE = 1.22691802e-07  norm(t1,t2) = 1.65167e-06
cycle = 13  E_corr(UCCSD) = -0.852119079073241  dE = 4.13993798e-08  norm(t1,t2) = 7.03301e-07
UCCSD converged
E(UCCSD) = -642.2663683656714  E_corr = -0.8521190790732409
Size of the active space:  22
 Rotate orbitals
One-body =  -313.3074424303
Two-body =   147.7041261516
 New HF Energy:  -641.414249286602399
Manual CCSD E_corr = -0.8521190790732397
