 ---------------------------------------------------------
                                                          
                      Using Pyscf:
                                                          
 ---------------------------------------------------------
                                                          


******** <class 'pyscf.scf.hf.RHF'> ********
method = RHF
initial guess = atom
damping factor = 0
level_shift factor = 0
DIIS = <class 'pyscf.scf.diis.CDIIS'>
diis_start_cycle = 1
diis_space = 8
diis_damp = 0
SCF conv_tol = 1e-09
SCF conv_tol_grad = None
SCF max_cycles = 1000
direct_scf = True
direct_scf_tol = 1e-13
chkfile to save SCF result = /localscratch/2945273/tmpd4nlmyum
max_memory 8000 MB (current use 253 MB)
Set gradient conv threshold to 3.16228e-05
Initial guess from superposition of atomic densities.
init E= -642.273942054539
  HOMO = -0.48307680291913  LUMO = 0.0444898861355239
cycle= 1 E= -641.229402853386  delta_E= 1.04  |g|=  1.1  |ddm|= 2.76
  HOMO = -0.107118484791455  LUMO = 0.369537772215812
cycle= 2 E= -641.376329784694  delta_E= -0.147  |g|= 0.674  |ddm|= 1.19
  HOMO = -0.22417431344478  LUMO = 0.375988333190408
cycle= 3 E= -641.459658805528  delta_E= -0.0833  |g|= 0.0626  |ddm|= 0.478
  HOMO = -0.222995602163936  LUMO = 0.378903650257057
cycle= 4 E= -641.460667910845  delta_E= -0.00101  |g|= 0.0247  |ddm|= 0.0774
  HOMO = -0.225498194403956  LUMO = 0.380874244628828
cycle= 5 E= -641.460827174699  delta_E= -0.000159  |g|= 0.00572  |ddm|= 0.0274
  HOMO = -0.224724747783919  LUMO = 0.38044488335724
cycle= 6 E= -641.460837252223  delta_E= -1.01e-05  |g|= 0.00135  |ddm|= 0.00669
  HOMO = -0.225004510796416  LUMO = 0.380388384076733
cycle= 7 E= -641.460838238506  delta_E= -9.86e-07  |g|= 0.000362  |ddm|= 0.00241
  HOMO = -0.224983179691256  LUMO = 0.38041704198275
cycle= 8 E= -641.460838306047  delta_E= -6.75e-08  |g|= 0.000123  |ddm|= 0.000661
  HOMO = -0.224994585653673  LUMO = 0.380414652879542
cycle= 9 E= -641.46083831136  delta_E= -5.31e-09  |g|= 4.87e-05  |ddm|= 0.000186
  HOMO = -0.225000777525272  LUMO = 0.380412668167923
cycle= 10 E= -641.460838312021  delta_E= -6.6e-10  |g|= 9.81e-06  |ddm|= 5.84e-05
  HOMO = -0.225000125707518  LUMO = 0.380413772650753
Extra cycle  E= -641.46083831206  delta_E= -3.98e-11  |g|= 4.98e-06  |ddm|= 1.62e-05
converged SCF energy = -641.46083831206

System and Method:
[('P', (-0.475068, 0.068172, -0.040207)), ('O', (-1.755949, 0.201897, -0.802951)), ('O', (0.171917, -1.449355, -0.365836)), ('O', (-0.316786, 0.275496, 1.452719)), ('H', (1.07332, 1.501759, 0.034329)), ('O', (0.680949, 1.074158, -0.744207)), ('H', (0.621617, -1.672126, 0.466154))]
Basis set                                      :    6-31g(d)
Number of Orbitals                             :        78
Number of electrons                            :        50
Number of alpha electrons                      :        25
Number of beta electrons                       :        25
Nuclear Repulsion                              :  263.585841337373 
Electronic SCF energy                          : -905.046679649433 
SCF Energy                                     : -641.460838312060332
 AO->MO
Manual HF energy =  -641.460838312060332
******** < Constructing Hamiltonian in active space > ********
Number of frozen orbitals =  9
 NElectrons:   16   16
 ecore: -734.31258246
Manual HF energy =  -641.460838312060446
One-body =  -323.7044974167
Two-body =   152.9704002311
 HF Energy:  -641.460838312060559
MO energies:
[-79.88191777 -20.39333217 -20.39154608 -20.30410386 -20.29624053
  -7.40398356  -5.30261011  -5.30202766  -5.30111764  -1.20715356
  -1.15674746  -1.08253314  -1.0520875   -0.5885731   -0.49863751
  -0.46982444  -0.42694099  -0.40921388  -0.34882507  -0.33470866
  -0.31947816  -0.27125939  -0.25220715  -0.23865338  -0.22500013
   0.38041377   0.42546421   0.49359284   0.52166519   0.53765485
   0.58198763   0.68019855   0.71554091   0.7587959    0.8529596
   1.08030884   1.08816395   1.21480268   1.23995507   1.2834303
   1.31105352   1.38269106   1.38481314   1.44007936   1.46998746
   1.4811947    1.52122739   1.52973096   1.57744558   1.58512474
   1.66315122   1.68226444   1.71960524   1.73471353   1.96165595
   1.97785076   2.06547631   2.21247005   2.21767957   2.23650587
   2.24203978   2.25992909   2.28795364   2.32760574   2.3377679
   2.34460931   2.36796757   2.53341118   2.61327064   2.65209977
   2.76801823   2.79148995   2.89305096   2.90280281   3.01664312
   3.12971025   3.3629097    3.40601218]
E(MP2) = -642.308508033635  E_corr = -0.847669721574888
E(SCS-MP2) = -642.27223264584  E_corr = -0.81139433377973
Canonical MP2 Energy (a.u.):-642.3085080336352348

******** <class 'pyscf.cc.uccsd.UCCSD'> ********
CC2 = 0
CCSD nocc = (16, 16), nmo = (69, 69)
frozen orbitals 9
max_cycle = 50
direct = 0
conv_tol = 1e-07
conv_tol_normt = 1e-06
diis_space = 6
diis_start_cycle = 0
diis_start_energy_diff = 1e+09
max_memory 8000 MB (current use 6121 MB)
Init t2, MP2 energy = -0.830226498219328
Init E_corr(UCCSD) = -0.83022649822776
cycle = 1  E_corr(UCCSD) = -0.817175502140293  dE = 0.0130509961  norm(t1,t2) = 0.114989
cycle = 2  E_corr(UCCSD) = -0.838129823115457  dE = -0.020954321  norm(t1,t2) = 0.0329183
cycle = 3  E_corr(UCCSD) = -0.838004424508197  dE = 0.000125398607  norm(t1,t2) = 0.0186412
cycle = 4  E_corr(UCCSD) = -0.841032991641386  dE = -0.00302856713  norm(t1,t2) = 0.00696445
cycle = 5  E_corr(UCCSD) = -0.84108142453531  dE = -4.84328939e-05  norm(t1,t2) = 0.00131735
cycle = 6  E_corr(UCCSD) = -0.840971537706404  dE = 0.000109886829  norm(t1,t2) = 0.000507139
cycle = 7  E_corr(UCCSD) = -0.840960298111782  dE = 1.12395946e-05  norm(t1,t2) = 0.000122265
cycle = 8  E_corr(UCCSD) = -0.840963284479875  dE = -2.98636809e-06  norm(t1,t2) = 4.68666e-05
cycle = 9  E_corr(UCCSD) = -0.840964645260422  dE = -1.36078055e-06  norm(t1,t2) = 1.92438e-05
cycle = 10  E_corr(UCCSD) = -0.84096442584175  dE = 2.19418672e-07  norm(t1,t2) = 5.5517e-06
cycle = 11  E_corr(UCCSD) = -0.840964370839007  dE = 5.50027429e-08  norm(t1,t2) = 2.44434e-06
cycle = 12  E_corr(UCCSD) = -0.840964356620533  dE = 1.42184732e-08  norm(t1,t2) = 9.72354e-07
UCCSD converged
E(UCCSD) = -642.3018026686809  E_corr = -0.8409643566205335
Size of the active space:  22
 Rotate orbitals
One-body =  -323.7044974167
Two-body =   152.9704002311
 New HF Energy:  -641.460838312060559
Manual CCSD E_corr = -0.8409643566205309
a:  -0.10205784314544392
b:  -0.10205784314544394
a:  -0.1007373623247563
b:  -0.10073736232475634
